#
# There is insufficient memory for the Java Runtime Environment to continue.
# Native memory allocation (mmap) failed to map 95420416 bytes for Failed to commit area from 0x0000000094b00000 to 0x000000009a600000 of length 95420416.
# Possible reasons:
#   The system is out of physical RAM or swap space
#   The process is running with CompressedOops enabled, and the Java Heap may be blocking the growth of the native heap
# Possible solutions:
#   Reduce memory load on the system
#   Increase physical memory or swap space
#   Check if swap backing store is full
#   Decrease Java heap size (-Xmx/-Xms)
#   Decrease number of Java threads
#   Decrease Java thread stack sizes (-Xss)
#   Set larger code cache with -XX:ReservedCodeCacheSize=
#   JVM is running with Unscaled Compressed Oops mode in which the Java heap is
#     placed in the first 4GB address space. The Java Heap base address is the
#     maximum limit for the native heap growth. Please use -XX:HeapBaseMinAddress
#     to set the Java Heap base and to place the Java Heap above 4GB virtual address.
# This output file may be truncated or incomplete.
#
#  Out of Memory Error (./src/hotspot/os/windows/os_windows.cpp:3619), pid=43780, tid=34752
#
# JRE version: OpenJDK Runtime Environment (11.0.13) (build 11.0.13+0-b1751.21-8125866)
# Java VM: OpenJDK 64-Bit Server VM (11.0.13+0-b1751.21-8125866, mixed mode, tiered, compressed oops, g1 gc, windows-amd64)
# No core dump will be written. Minidumps are not enabled by default on client versions of Windows
#

---------------  S U M M A R Y ------------

Command Line: --add-opens=java.base/java.util=ALL-UNNAMED --add-opens=java.base/java.lang=ALL-UNNAMED --add-opens=java.base/java.lang.invoke=ALL-UNNAMED --add-opens=java.base/java.util=ALL-UNNAMED --add-opens=java.prefs/java.util.prefs=ALL-UNNAMED --add-opens=java.prefs/java.util.prefs=ALL-UNNAMED --add-opens=java.base/java.nio.charset=ALL-UNNAMED --add-opens=java.base/java.net=ALL-UNNAMED --add-opens=java.base/java.util.concurrent.atomic=ALL-UNNAMED -Xmx2048m -Dfile.encoding=UTF-8 -Duser.country=BR -Duser.language=pt -Duser.variant org.gradle.launcher.daemon.bootstrap.GradleDaemon 7.4

Host: 11th Gen Intel(R) Core(TM) i3-1115G4 @ 3.00GHz, 4 cores, 3G,  Windows 11 , 64 bit Build 22621 (10.0.22621.1344)
Time: Tue Apr 11 11:31:36 2023 Hora Padrão de Buenos Aires elapsed time: 7082.183511 seconds (0d 1h 58m 2s)

---------------  T H R E A D  ---------------

Current thread (0x0000024ee3185000):  VMThread "VM Thread" [stack: 0x0000007787d00000,0x0000007787e00000] [id=34752]

Stack: [0x0000007787d00000,0x0000007787e00000]
[error occurred during error reporting (printing stack bounds), id 0xc0000005, EXCEPTION_ACCESS_VIOLATION (0xc0000005) at pc=0x0000024ecd0d12e7]

Native frames: (J=compiled Java code, j=interpreted, Vv=VM code, C=native code)
V  [jvm.dll+0x6100fa]
V  [jvm.dll+0x747090]
V  [jvm.dll+0x7486ad]
V  [jvm.dll+0x748ce5]
V  [jvm.dll+0x748c9b]
V  [jvm.dll+0x60f224]
V  [jvm.dll+0x60f9b8]
C  [ntdll.dll+0xa3cff]
C  [ntdll.dll+0x1e456]
C  [ntdll.dll+0xa2cee]
C  0x0000024ecd0d12e7

VM_Operation (0x000000778c7f8680): G1CollectForAllocation, mode: safepoint, requested by thread 0x0000024ee791e800


---------------  P R O C E S S  ---------------

Threads class SMR info:
_java_thread_list=0x0000024ef13d9d90, length=97, elements={
0x0000024ec95b7800, 0x0000024ee3186800, 0x0000024ee3193800, 0x0000024ee31e7800,
0x0000024ee31e8800, 0x0000024ee31e9800, 0x0000024ee31ec000, 0x0000024ee31f3800,
0x0000024ee31fa800, 0x0000024ee3c83000, 0x0000024ee5cf8800, 0x0000024ee49d4000,
0x0000024ee5111800, 0x0000024ee5edd800, 0x0000024ee5edc000, 0x0000024ee5eda800,
0x0000024ee5ede800, 0x0000024ee5edf000, 0x0000024ee7917800, 0x0000024ee791a000,
0x0000024ee791b000, 0x0000024ee7916000, 0x0000024ee7917000, 0x0000024ee61c2000,
0x0000024ee61bc800, 0x0000024ee61c4800, 0x0000024eea2ac800, 0x0000024eea2b4000,
0x0000024eea2b3000, 0x0000024eee840800, 0x0000024ee68c2800, 0x0000024ee68c5000,
0x0000024ee68c0000, 0x0000024ee68c3800, 0x0000024ee68c1800, 0x0000024ee68c1000,
0x0000024ee68c7800, 0x0000024ee68c9000, 0x0000024ee68c8000, 0x0000024ee68ca000,
0x0000024ee68c4000, 0x0000024ee68cd000, 0x0000024ee68ca800, 0x0000024ee68cb800,
0x0000024ee68ce800, 0x0000024ee68cc800, 0x0000024ee68ce000, 0x0000024eea2ab800,
0x0000024eea2ae000, 0x0000024eea2af000, 0x0000024eea2ab000, 0x0000024eea2ad800,
0x0000024eea2b0000, 0x0000024eea2aa000, 0x0000024eea2b4800, 0x0000024eea2b1800,
0x0000024eea2b5800, 0x0000024eea2b6800, 0x0000024eea2b0800, 0x0000024eea2b7000,
0x0000024eea2b8000, 0x0000024eea2b9000, 0x0000024ee61ba000, 0x0000024ee61bf000,
0x0000024ee61b9000, 0x0000024ee61bd000, 0x0000024ee61bb800, 0x0000024ee61c0800,
0x0000024ee61bf800, 0x0000024ee61be000, 0x0000024ee61bb000, 0x0000024ee61c1800,
0x0000024ee61c3800, 0x0000024ee61c5800, 0x0000024ee61c6000, 0x0000024ee61c8000,
0x0000024ee791c800, 0x0000024ee791c000, 0x0000024ee7918800, 0x0000024ee791d800,
0x0000024ee791e800, 0x0000024ee791f000, 0x0000024ee7919800, 0x0000024ee7920000,
0x0000024ee7924000, 0x0000024ee7920800, 0x0000024ee7921800, 0x0000024ee7922800,
0x0000024ee7923000, 0x0000024eee843000, 0x0000024eee845800, 0x0000024eee842800,
0x0000024eee845000, 0x0000024eee846800, 0x0000024eee847800, 0x0000024ee5edb000,
0x0000024ee5edc800
}

Java Threads: ( => current thread )
  0x0000024ec95b7800 JavaThread "main" [_thread_blocked, id=30808, stack(0x0000007787700000,0x0000007787800000)]
  0x0000024ee3186800 JavaThread "Reference Handler" daemon [_thread_blocked, id=44156, stack(0x0000007787e00000,0x0000007787f00000)]
  0x0000024ee3193800 JavaThread "Finalizer" daemon [_thread_blocked, id=36676, stack(0x0000007787f00000,0x0000007788000000)]
  0x0000024ee31e7800 JavaThread "Signal Dispatcher" daemon [_thread_blocked, id=42652, stack(0x0000007788000000,0x0000007788100000)]
  0x0000024ee31e8800 JavaThread "Attach Listener" daemon [_thread_blocked, id=32788, stack(0x0000007788100000,0x0000007788200000)]
  0x0000024ee31e9800 JavaThread "Service Thread" daemon [_thread_blocked, id=44664, stack(0x0000007788200000,0x0000007788300000)]
  0x0000024ee31ec000 JavaThread "C2 CompilerThread0" daemon [_thread_blocked, id=44812, stack(0x0000007788300000,0x0000007788400000)]
  0x0000024ee31f3800 JavaThread "C1 CompilerThread0" daemon [_thread_blocked, id=37840, stack(0x0000007788400000,0x0000007788500000)]
  0x0000024ee31fa800 JavaThread "Sweeper thread" daemon [_thread_blocked, id=41540, stack(0x0000007788500000,0x0000007788600000)]
  0x0000024ee3c83000 JavaThread "Common-Cleaner" daemon [_thread_blocked, id=39960, stack(0x0000007788600000,0x0000007788700000)]
  0x0000024ee5cf8800 JavaThread "Daemon health stats" [_thread_blocked, id=31132, stack(0x0000007788900000,0x0000007788a00000)]
  0x0000024ee49d4000 JavaThread "Incoming local TCP Connector on port 50927" [_thread_in_native, id=23020, stack(0x0000007788a00000,0x0000007788b00000)]
  0x0000024ee5111800 JavaThread "Daemon periodic checks" [_thread_blocked, id=43344, stack(0x0000007788b00000,0x0000007788c00000)]
  0x0000024ee5edd800 JavaThread "Cache worker for journal cache (C:\Users\limar\.gradle\caches\journal-1)" [_thread_blocked, id=38540, stack(0x0000007789500000,0x0000007789600000)]
  0x0000024ee5edc000 JavaThread "File lock request listener" [_thread_in_native, id=42856, stack(0x0000007789600000,0x0000007789700000)]
  0x0000024ee5eda800 JavaThread "Cache worker for file hash cache (C:\Users\limar\.gradle\caches\7.4\fileHashes)" [_thread_blocked, id=41352, stack(0x0000007789700000,0x0000007789800000)]
  0x0000024ee5ede800 JavaThread "File watcher server" daemon [_thread_blocked, id=33608, stack(0x0000007789800000,0x0000007789900000)]
  0x0000024ee5edf000 JavaThread "File watcher consumer" daemon [_thread_blocked, id=41692, stack(0x0000007789900000,0x0000007789a00000)]
  0x0000024ee7917800 JavaThread "Cache worker for execution history cache (C:\Users\limar\.gradle\caches\7.4\executionHistory)" [_thread_blocked, id=40332, stack(0x0000007789e00000,0x0000007789f00000)]
  0x0000024ee791a000 JavaThread "jar transforms" [_thread_blocked, id=37172, stack(0x000000778a000000,0x000000778a100000)]
  0x0000024ee791b000 JavaThread "Cache worker for file content cache (C:\Users\limar\.gradle\caches\7.4\fileContent)" [_thread_blocked, id=12632, stack(0x000000778a100000,0x000000778a200000)]
  0x0000024ee7916000 JavaThread "jar transforms Thread 2" [_thread_blocked, id=39408, stack(0x000000778a200000,0x000000778a300000)]
  0x0000024ee7917000 JavaThread "jar transforms Thread 3" [_thread_blocked, id=21812, stack(0x000000778a400000,0x000000778a500000)]
  0x0000024ee61c2000 JavaThread "jar transforms Thread 4" [_thread_blocked, id=41544, stack(0x000000778cd00000,0x000000778ce00000)]
  0x0000024ee61bc800 JavaThread "Memory manager" [_thread_blocked, id=40224, stack(0x000000778ce00000,0x000000778cf00000)]
  0x0000024ee61c4800 JavaThread "pool-3-thread-1" [_thread_blocked, id=1240, stack(0x000000778d100000,0x000000778d200000)]
  0x0000024eea2ac800 JavaThread "RMI Scheduler(0)" daemon [_thread_blocked, id=39004, stack(0x000000778e000000,0x000000778e100000)]
  0x0000024eea2b4000 JavaThread "RMI TCP Accept-0" daemon [_thread_in_native, id=38144, stack(0x000000778e300000,0x000000778e400000)]
  0x0000024eea2b3000 JavaThread "Cache worker for Java compile cache (C:\Users\limar\.gradle\caches\7.4\javaCompile)" [_thread_blocked, id=31116, stack(0x000000778e600000,0x000000778e700000)]
  0x0000024eee840800 JavaThread "ForkJoinPool.commonPool-worker-5" daemon [_thread_blocked, id=40008, stack(0x000000778ec00000,0x000000778ed00000)]
  0x0000024ee68c2800 JavaThread "pool-8-thread-1" [_thread_blocked, id=43576, stack(0x000000778cb00000,0x000000778cc00000)]
  0x0000024ee68c5000 JavaThread "Daemon Thread 3" [_thread_blocked, id=38236, stack(0x0000007787400000,0x0000007787500000)]
  0x0000024ee68c0000 JavaThread "Handler for socket connection from /127.0.0.1:50927 to /127.0.0.1:52620" [_thread_in_native, id=37800, stack(0x0000007787500000,0x0000007787600000)]
  0x0000024ee68c3800 JavaThread "Cancel handler" [_thread_blocked, id=39132, stack(0x0000007787600000,0x0000007787700000)]
  0x0000024ee68c1800 JavaThread "Daemon worker Thread 3" [_thread_blocked, id=29472, stack(0x0000007788c00000,0x0000007788d00000)]
  0x0000024ee68c1000 JavaThread "Asynchronous log dispatcher for DefaultDaemonConnection: socket connection from /127.0.0.1:50927 to /127.0.0.1:52620" [_thread_blocked, id=37336, stack(0x0000007788d00000,0x0000007788e00000)]
  0x0000024ee68c7800 JavaThread "Stdin handler" [_thread_blocked, id=41608, stack(0x0000007788e00000,0x0000007788f00000)]
  0x0000024ee68c9000 JavaThread "Daemon client event forwarder" [_thread_blocked, id=43916, stack(0x0000007788f00000,0x0000007789000000)]
  0x0000024ee68c8000 JavaThread "Cache worker for checksums cache (C:\Users\limar\AndroidStudioProjects\front-projeto-paysandu\.gradle\7.4\checksums)" [_thread_blocked, id=43640, stack(0x0000007789000000,0x0000007789100000)]
  0x0000024ee68ca000 JavaThread "Cache worker for cache directory md-rule (C:\Users\limar\.gradle\caches\7.4\md-rule)" [_thread_blocked, id=13348, stack(0x0000007789100000,0x0000007789200000)]
  0x0000024ee68c4000 JavaThread "Cache worker for file hash cache (C:\Users\limar\AndroidStudioProjects\front-projeto-paysandu\.gradle\7.4\fileHashes)" [_thread_blocked, id=36500, stack(0x0000007789200000,0x0000007789300000)]
  0x0000024ee68cd000 JavaThread "Cache worker for cache directory md-supplier (C:\Users\limar\.gradle\caches\7.4\md-supplier)" [_thread_blocked, id=41448, stack(0x0000007789a00000,0x0000007789b00000)]
  0x0000024ee68ca800 JavaThread "Cache worker for dependencies-accessors (C:\Users\limar\AndroidStudioProjects\front-projeto-paysandu\.gradle\7.4\dependencies-accessors)" [_thread_blocked, id=43896, stack(0x0000007789b00000,0x0000007789c00000)]
  0x0000024ee68cb800 JavaThread "Cache worker for Build Output Cleanup Cache (C:\Users\limar\AndroidStudioProjects\front-projeto-paysandu\.gradle\buildOutputCleanup)" [_thread_blocked, id=43852, stack(0x0000007789d00000,0x0000007789e00000)]
  0x0000024ee68ce800 JavaThread "Unconstrained build operations" [_thread_blocked, id=39452, stack(0x0000007789f00000,0x000000778a000000)]
  0x0000024ee68cc800 JavaThread "Unconstrained build operations Thread 2" [_thread_blocked, id=41260, stack(0x000000778a300000,0x000000778a400000)]
  0x0000024ee68ce000 JavaThread "Unconstrained build operations Thread 3" [_thread_blocked, id=38076, stack(0x000000778a500000,0x000000778a600000)]
  0x0000024eea2ab800 JavaThread "Unconstrained build operations Thread 4" [_thread_blocked, id=34184, stack(0x000000778a600000,0x000000778a700000)]
  0x0000024eea2ae000 JavaThread "Unconstrained build operations Thread 5" [_thread_blocked, id=44380, stack(0x000000778a700000,0x000000778a800000)]
  0x0000024eea2af000 JavaThread "Unconstrained build operations Thread 6" [_thread_blocked, id=30124, stack(0x000000778a800000,0x000000778a900000)]
  0x0000024eea2ab000 JavaThread "Unconstrained build operations Thread 7" [_thread_blocked, id=34236, stack(0x000000778a900000,0x000000778aa00000)]
  0x0000024eea2ad800 JavaThread "Unconstrained build operations Thread 8" [_thread_blocked, id=44792, stack(0x000000778aa00000,0x000000778ab00000)]
  0x0000024eea2b0000 JavaThread "Unconstrained build operations Thread 9" [_thread_blocked, id=40600, stack(0x000000778ab00000,0x000000778ac00000)]
  0x0000024eea2aa000 JavaThread "Unconstrained build operations Thread 10" [_thread_blocked, id=42940, stack(0x000000778ac00000,0x000000778ad00000)]
  0x0000024eea2b4800 JavaThread "Unconstrained build operations Thread 11" [_thread_blocked, id=35108, stack(0x000000778ad00000,0x000000778ae00000)]
  0x0000024eea2b1800 JavaThread "Unconstrained build operations Thread 12" [_thread_blocked, id=35860, stack(0x000000778ae00000,0x000000778af00000)]
  0x0000024eea2b5800 JavaThread "Unconstrained build operations Thread 13" [_thread_blocked, id=27788, stack(0x000000778af00000,0x000000778b000000)]
  0x0000024eea2b6800 JavaThread "Unconstrained build operations Thread 14" [_thread_blocked, id=9556, stack(0x000000778b000000,0x000000778b100000)]
  0x0000024eea2b0800 JavaThread "Unconstrained build operations Thread 15" [_thread_blocked, id=36232, stack(0x000000778b100000,0x000000778b200000)]
  0x0000024eea2b7000 JavaThread "Unconstrained build operations Thread 16" [_thread_blocked, id=43636, stack(0x000000778b200000,0x000000778b300000)]
  0x0000024eea2b8000 JavaThread "Unconstrained build operations Thread 17" [_thread_blocked, id=36840, stack(0x000000778b300000,0x000000778b400000)]
  0x0000024eea2b9000 JavaThread "Unconstrained build operations Thread 18" [_thread_blocked, id=43084, stack(0x000000778b400000,0x000000778b500000)]
  0x0000024ee61ba000 JavaThread "Unconstrained build operations Thread 19" [_thread_blocked, id=21828, stack(0x000000778b500000,0x000000778b600000)]
  0x0000024ee61bf000 JavaThread "Unconstrained build operations Thread 20" [_thread_blocked, id=43264, stack(0x000000778b600000,0x000000778b700000)]
  0x0000024ee61b9000 JavaThread "Unconstrained build operations Thread 21" [_thread_blocked, id=26768, stack(0x000000778b700000,0x000000778b800000)]
  0x0000024ee61bd000 JavaThread "Unconstrained build operations Thread 22" [_thread_blocked, id=38492, stack(0x000000778b800000,0x000000778b900000)]
  0x0000024ee61bb800 JavaThread "Unconstrained build operations Thread 23" [_thread_blocked, id=40676, stack(0x000000778b900000,0x000000778ba00000)]
  0x0000024ee61c0800 JavaThread "Unconstrained build operations Thread 24" [_thread_blocked, id=36340, stack(0x000000778ba00000,0x000000778bb00000)]
  0x0000024ee61bf800 JavaThread "Unconstrained build operations Thread 25" [_thread_blocked, id=29180, stack(0x000000778bb00000,0x000000778bc00000)]
  0x0000024ee61be000 JavaThread "Unconstrained build operations Thread 26" [_thread_blocked, id=24556, stack(0x000000778bc00000,0x000000778bd00000)]
  0x0000024ee61bb000 JavaThread "Unconstrained build operations Thread 27" [_thread_blocked, id=37420, stack(0x000000778bd00000,0x000000778be00000)]
  0x0000024ee61c1800 JavaThread "Unconstrained build operations Thread 28" [_thread_blocked, id=43880, stack(0x000000778be00000,0x000000778bf00000)]
  0x0000024ee61c3800 JavaThread "Unconstrained build operations Thread 29" [_thread_blocked, id=36716, stack(0x000000778bf00000,0x000000778c000000)]
  0x0000024ee61c5800 JavaThread "Unconstrained build operations Thread 30" [_thread_blocked, id=42228, stack(0x000000778c000000,0x000000778c100000)]
  0x0000024ee61c6000 JavaThread "Unconstrained build operations Thread 31" [_thread_blocked, id=40776, stack(0x000000778c100000,0x000000778c200000)]
  0x0000024ee61c8000 JavaThread "Unconstrained build operations Thread 32" [_thread_blocked, id=43692, stack(0x000000778c200000,0x000000778c300000)]
  0x0000024ee791c800 JavaThread "Unconstrained build operations Thread 33" [_thread_blocked, id=33324, stack(0x000000778c300000,0x000000778c400000)]
  0x0000024ee791c000 JavaThread "Unconstrained build operations Thread 34" [_thread_blocked, id=39916, stack(0x000000778c400000,0x000000778c500000)]
  0x0000024ee7918800 JavaThread "Unconstrained build operations Thread 35" [_thread_blocked, id=42048, stack(0x000000778c500000,0x000000778c600000)]
  0x0000024ee791d800 JavaThread "Unconstrained build operations Thread 36" [_thread_blocked, id=39668, stack(0x000000778c600000,0x000000778c700000)]
  0x0000024ee791e800 JavaThread "Unconstrained build operations Thread 37" [_thread_blocked, id=42944, stack(0x000000778c700000,0x000000778c800000)]
  0x0000024ee791f000 JavaThread "Unconstrained build operations Thread 38" [_thread_blocked, id=43832, stack(0x000000778c800000,0x000000778c900000)]
  0x0000024ee7919800 JavaThread "Unconstrained build operations Thread 39" [_thread_blocked, id=37368, stack(0x000000778c900000,0x000000778ca00000)]
  0x0000024ee7920000 JavaThread "Unconstrained build operations Thread 40" [_thread_blocked, id=24464, stack(0x000000778ca00000,0x000000778cb00000)]
  0x0000024ee7924000 JavaThread "build event listener" [_thread_blocked, id=33860, stack(0x000000778cc00000,0x000000778cd00000)]
  0x0000024ee7920800 JavaThread "pool-11-thread-1" [_thread_blocked, id=34508, stack(0x000000778cf00000,0x000000778d000000)]
  0x0000024ee7921800 JavaThread "build event listener" [_thread_blocked, id=38064, stack(0x000000778d000000,0x000000778d100000)]
  0x0000024ee7922800 JavaThread "included builds" [_thread_blocked, id=41856, stack(0x000000778d200000,0x000000778d300000)]
  0x0000024ee7923000 JavaThread "Execution worker for ':'" [_thread_blocked, id=40664, stack(0x000000778d300000,0x000000778d400000)]
  0x0000024eee843000 JavaThread "Execution worker for ':' Thread 2" [_thread_blocked, id=40924, stack(0x000000778d400000,0x000000778d500000)]
  0x0000024eee845800 JavaThread "Execution worker for ':' Thread 3" [_thread_blocked, id=39288, stack(0x000000778d500000,0x000000778d600000)]
  0x0000024eee842800 JavaThread "Cache worker for execution history cache (C:\Users\limar\AndroidStudioProjects\front-projeto-paysandu\.gradle\7.4\executionHistory)" [_thread_blocked, id=21568, stack(0x000000778d600000,0x000000778d700000)]
  0x0000024eee845000 JavaThread "WorkerExecutor Queue" [_thread_blocked, id=32800, stack(0x000000778d700000,0x000000778d800000)]
  0x0000024eee846800 JavaThread "WorkerExecutor Queue Thread 2" [_thread_blocked, id=33980, stack(0x000000778d800000,0x000000778d900000)]
  0x0000024eee847800 JavaThread "WorkerExecutor Queue Thread 3" [_thread_blocked, id=42364, stack(0x000000778d900000,0x000000778da00000)]
  0x0000024ee5edb000 JavaThread "WorkerExecutor Queue Thread 4" [_thread_blocked, id=36472, stack(0x000000778da00000,0x000000778db00000)]
  0x0000024ee5edc800 JavaThread "WorkerExecutor Queue Thread 5" [_thread_blocked, id=43244, stack(0x000000778db00000,0x000000778dc00000)]

Other Threads:
=>0x0000024ee3185000 VMThread "VM Thread" [stack: 0x0000007787d00000,0x0000007787e00000] [id=34752]
  0x0000024ee3cbf800 WatcherThread [stack: 0x0000007788700000,0x0000007788800000] [id=43656]
  0x0000024ec95d1000 GCTaskThread "GC Thread#0" [stack: 0x0000007787800000,0x0000007787900000] [id=29564]
  0x0000024ee427d000 GCTaskThread "GC Thread#1" [stack: 0x0000007788800000,0x0000007788900000] [id=39820]
  0x0000024ee5f02800 GCTaskThread "GC Thread#2" [stack: 0x0000007789300000,0x0000007789400000] [id=41912]
  0x0000024ee5c28800 GCTaskThread "GC Thread#3" [stack: 0x0000007789400000,0x0000007789500000] [id=39816]
  0x0000024ec9602800 ConcurrentGCThread "G1 Main Marker" [stack: 0x0000007787900000,0x0000007787a00000] [id=43872]
  0x0000024ec9605000 ConcurrentGCThread "G1 Conc#0" [stack: 0x0000007787a00000,0x0000007787b00000] [id=31772]
  0x0000024ec9651000 ConcurrentGCThread "G1 Refine#0" [stack: 0x0000007787b00000,0x0000007787c00000] [id=44188]
  0x0000024ec9654000 ConcurrentGCThread "G1 Young RemSet Sampling" [stack: 0x0000007787c00000,0x0000007787d00000] [id=37364]

Threads with active compile tasks:
C2 CompilerThread07082238 26956       4       com.android.tools.r8.internal.wY::a (23 bytes)

VM state:at safepoint (normal execution)

VM Mutex/Monitor currently owned by a thread:  ([mutex/lock_event])
[0x0000024ec95b2510] Threads_lock - owner thread: 0x0000024ee3185000
[0x0000024ec95b2900] Heap_lock - owner thread: 0x0000024ee791e800

Heap address: 0x0000000080000000, size: 2048 MB, Compressed Oops mode: 32-bit
Narrow klass base: 0x0000000000000000, Narrow klass shift: 3
Compressed class space size: 1073741824 Address: 0x0000000100000000

Heap:
 garbage-first heap   total 432128K, used 198192K [0x0000000080000000, 0x0000000100000000)
  region size 1024K, 5 young (5120K), 5 survivors (5120K)
 Metaspace       used 159383K, capacity 163502K, committed 163836K, reserved 1191936K
  class space    used 19435K, capacity 20942K, committed 21068K, reserved 1048576K
Heap Regions: E=young(eden), S=young(survivor), O=old, HS=humongous(starts), HC=humongous(continues), CS=collection set, F=free, A=archive, TAMS=top-at-mark-start (previous, next)
|   0|0x0000000080000000, 0x0000000080100000, 0x0000000080100000|100%|HS|  |TAMS 0x0000000080100000, 0x0000000080100000| Complete 
|   1|0x0000000080100000, 0x0000000080200000, 0x0000000080200000|100%|HC|  |TAMS 0x0000000080200000, 0x0000000080200000| Complete 
|   2|0x0000000080200000, 0x0000000080300000, 0x0000000080300000|100%|HC|  |TAMS 0x0000000080300000, 0x0000000080300000| Complete 
|   3|0x0000000080300000, 0x0000000080400000, 0x0000000080400000|100%| O|  |TAMS 0x0000000080400000, 0x0000000080400000| Untracked 
|   4|0x0000000080400000, 0x0000000080500000, 0x0000000080500000|100%| O|  |TAMS 0x0000000080500000, 0x0000000080500000| Untracked 
|   5|0x0000000080500000, 0x0000000080600000, 0x0000000080600000|100%| O|  |TAMS 0x0000000080600000, 0x0000000080600000| Untracked 
|   6|0x0000000080600000, 0x0000000080700000, 0x0000000080700000|100%| O|  |TAMS 0x0000000080700000, 0x0000000080700000| Untracked 
|   7|0x0000000080700000, 0x0000000080800000, 0x0000000080800000|100%| O|  |TAMS 0x0000000080800000, 0x0000000080800000| Untracked 
|   8|0x0000000080800000, 0x0000000080900000, 0x0000000080900000|100%| O|  |TAMS 0x0000000080900000, 0x0000000080900000| Untracked 
|   9|0x0000000080900000, 0x0000000080a00000, 0x0000000080a00000|100%| O|  |TAMS 0x0000000080a00000, 0x0000000080a00000| Untracked 
|  10|0x0000000080a00000, 0x0000000080b00000, 0x0000000080b00000|100%| O|  |TAMS 0x0000000080b00000, 0x0000000080b00000| Untracked 
|  11|0x0000000080b00000, 0x0000000080c00000, 0x0000000080c00000|100%| O|  |TAMS 0x0000000080c00000, 0x0000000080c00000| Untracked 
|  12|0x0000000080c00000, 0x0000000080d00000, 0x0000000080d00000|100%| O|  |TAMS 0x0000000080d00000, 0x0000000080d00000| Untracked 
|  13|0x0000000080d00000, 0x0000000080e00000, 0x0000000080e00000|100%| O|  |TAMS 0x0000000080e00000, 0x0000000080e00000| Untracked 
|  14|0x0000000080e00000, 0x0000000080f00000, 0x0000000080f00000|100%| O|  |TAMS 0x0000000080f00000, 0x0000000080f00000| Untracked 
|  15|0x0000000080f00000, 0x0000000081000000, 0x0000000081000000|100%| O|  |TAMS 0x0000000081000000, 0x0000000081000000| Untracked 
|  16|0x0000000081000000, 0x0000000081100000, 0x0000000081100000|100%| O|  |TAMS 0x0000000081100000, 0x0000000081100000| Untracked 
|  17|0x0000000081100000, 0x0000000081200000, 0x0000000081200000|100%| O|  |TAMS 0x0000000081200000, 0x0000000081200000| Untracked 
|  18|0x0000000081200000, 0x0000000081300000, 0x0000000081300000|100%| O|  |TAMS 0x0000000081300000, 0x0000000081300000| Untracked 
|  19|0x0000000081300000, 0x0000000081400000, 0x0000000081400000|100%| O|  |TAMS 0x0000000081400000, 0x0000000081400000| Untracked 
|  20|0x0000000081400000, 0x0000000081500000, 0x0000000081500000|100%| O|  |TAMS 0x0000000081500000, 0x0000000081500000| Untracked 
|  21|0x0000000081500000, 0x0000000081600000, 0x0000000081600000|100%| O|  |TAMS 0x0000000081600000, 0x0000000081600000| Untracked 
|  22|0x0000000081600000, 0x0000000081700000, 0x0000000081700000|100%| O|  |TAMS 0x0000000081700000, 0x0000000081700000| Untracked 
|  23|0x0000000081700000, 0x0000000081800000, 0x0000000081800000|100%| O|  |TAMS 0x0000000081800000, 0x0000000081800000| Untracked 
|  24|0x0000000081800000, 0x0000000081900000, 0x0000000081900000|100%|HS|  |TAMS 0x0000000081900000, 0x0000000081900000| Complete 
|  25|0x0000000081900000, 0x0000000081a00000, 0x0000000081a00000|100%|HS|  |TAMS 0x0000000081a00000, 0x0000000081a00000| Complete 
|  26|0x0000000081a00000, 0x0000000081b00000, 0x0000000081b00000|100%| O|  |TAMS 0x0000000081b00000, 0x0000000081b00000| Untracked 
|  27|0x0000000081b00000, 0x0000000081c00000, 0x0000000081c00000|100%| O|  |TAMS 0x0000000081b00000, 0x0000000081c00000| Untracked 
|  28|0x0000000081c00000, 0x0000000081d00000, 0x0000000081d00000|100%|HS|  |TAMS 0x0000000081d00000, 0x0000000081d00000| Complete 
|  29|0x0000000081d00000, 0x0000000081e00000, 0x0000000081e00000|100%|HS|  |TAMS 0x0000000081e00000, 0x0000000081e00000| Complete 
|  30|0x0000000081e00000, 0x0000000081f00000, 0x0000000081f00000|100%| O|  |TAMS 0x0000000081f00000, 0x0000000081f00000| Untracked 
|  31|0x0000000081f00000, 0x0000000082000000, 0x0000000082000000|100%| O|  |TAMS 0x0000000082000000, 0x0000000082000000| Untracked 
|  32|0x0000000082000000, 0x0000000082100000, 0x0000000082100000|100%| O|  |TAMS 0x0000000082100000, 0x0000000082100000| Untracked 
|  33|0x0000000082100000, 0x0000000082200000, 0x0000000082200000|100%|HS|  |TAMS 0x0000000082200000, 0x0000000082200000| Complete 
|  34|0x0000000082200000, 0x0000000082300000, 0x0000000082300000|100%|HS|  |TAMS 0x0000000082300000, 0x0000000082300000| Complete 
|  35|0x0000000082300000, 0x0000000082400000, 0x0000000082400000|100%|HC|  |TAMS 0x0000000082400000, 0x0000000082400000| Complete 
|  36|0x0000000082400000, 0x0000000082500000, 0x0000000082500000|100%|HC|  |TAMS 0x0000000082500000, 0x0000000082500000| Complete 
|  37|0x0000000082500000, 0x0000000082600000, 0x0000000082600000|100%|HC|  |TAMS 0x0000000082600000, 0x0000000082600000| Complete 
|  38|0x0000000082600000, 0x0000000082700000, 0x0000000082700000|100%| O|  |TAMS 0x0000000082700000, 0x0000000082700000| Untracked 
|  39|0x0000000082700000, 0x0000000082800000, 0x0000000082800000|100%| O|  |TAMS 0x0000000082800000, 0x0000000082800000| Untracked 
|  40|0x0000000082800000, 0x0000000082900000, 0x0000000082900000|100%| O|  |TAMS 0x0000000082900000, 0x0000000082900000| Untracked 
|  41|0x0000000082900000, 0x0000000082a00000, 0x0000000082a00000|100%| O|  |TAMS 0x0000000082a00000, 0x0000000082a00000| Untracked 
|  42|0x0000000082a00000, 0x0000000082b00000, 0x0000000082b00000|100%| O|  |TAMS 0x0000000082b00000, 0x0000000082b00000| Untracked 
|  43|0x0000000082b00000, 0x0000000082c00000, 0x0000000082c00000|100%|HS|  |TAMS 0x0000000082c00000, 0x0000000082c00000| Complete 
|  44|0x0000000082c00000, 0x0000000082d00000, 0x0000000082d00000|100%|HC|  |TAMS 0x0000000082d00000, 0x0000000082d00000| Complete 
|  45|0x0000000082d00000, 0x0000000082e00000, 0x0000000082e00000|100%| O|  |TAMS 0x0000000082e00000, 0x0000000082e00000| Untracked 
|  46|0x0000000082e00000, 0x0000000082f00000, 0x0000000082f00000|100%| O|  |TAMS 0x0000000082f00000, 0x0000000082f00000| Untracked 
|  47|0x0000000082f00000, 0x0000000083000000, 0x0000000083000000|100%| O|  |TAMS 0x0000000083000000, 0x0000000083000000| Untracked 
|  48|0x0000000083000000, 0x0000000083100000, 0x0000000083100000|100%| O|  |TAMS 0x0000000083100000, 0x0000000083100000| Untracked 
|  49|0x0000000083100000, 0x0000000083200000, 0x0000000083200000|100%| O|  |TAMS 0x0000000083200000, 0x0000000083200000| Untracked 
|  50|0x0000000083200000, 0x0000000083300000, 0x0000000083300000|100%| O|  |TAMS 0x0000000083300000, 0x0000000083300000| Untracked 
|  51|0x0000000083300000, 0x0000000083400000, 0x0000000083400000|100%| O|  |TAMS 0x0000000083400000, 0x0000000083400000| Untracked 
|  52|0x0000000083400000, 0x0000000083400000, 0x0000000083500000|  0%| F|  |TAMS 0x0000000083400000, 0x0000000083400000| Untracked 
|  53|0x0000000083500000, 0x0000000083600000, 0x0000000083600000|100%| O|  |TAMS 0x0000000083600000, 0x0000000083600000| Untracked 
|  54|0x0000000083600000, 0x0000000083700000, 0x0000000083700000|100%| O|  |TAMS 0x0000000083700000, 0x0000000083700000| Untracked 
|  55|0x0000000083700000, 0x0000000083800000, 0x0000000083800000|100%| O|  |TAMS 0x0000000083800000, 0x0000000083800000| Untracked 
|  56|0x0000000083800000, 0x0000000083900000, 0x0000000083900000|100%| O|  |TAMS 0x0000000083900000, 0x0000000083900000| Untracked 
|  57|0x0000000083900000, 0x0000000083a00000, 0x0000000083a00000|100%| O|  |TAMS 0x0000000083a00000, 0x0000000083a00000| Untracked 
|  58|0x0000000083a00000, 0x0000000083b00000, 0x0000000083b00000|100%| O|  |TAMS 0x0000000083b00000, 0x0000000083b00000| Untracked 
|  59|0x0000000083b00000, 0x0000000083c00000, 0x0000000083c00000|100%| O|  |TAMS 0x0000000083c00000, 0x0000000083c00000| Untracked 
|  60|0x0000000083c00000, 0x0000000083d00000, 0x0000000083d00000|100%| O|  |TAMS 0x0000000083c00000, 0x0000000083d00000| Untracked 
|  61|0x0000000083d00000, 0x0000000083e00000, 0x0000000083e00000|100%| O|  |TAMS 0x0000000083e00000, 0x0000000083e00000| Untracked 
|  62|0x0000000083e00000, 0x0000000083f00000, 0x0000000083f00000|100%| O|  |TAMS 0x0000000083f00000, 0x0000000083f00000| Untracked 
|  63|0x0000000083f00000, 0x0000000084000000, 0x0000000084000000|100%| O|  |TAMS 0x0000000083f00000, 0x0000000084000000| Untracked 
|  64|0x0000000084000000, 0x0000000084100000, 0x0000000084100000|100%| O|  |TAMS 0x0000000084100000, 0x0000000084100000| Untracked 
|  65|0x0000000084100000, 0x0000000084200000, 0x0000000084200000|100%| O|  |TAMS 0x0000000084200000, 0x0000000084200000| Untracked 
|  66|0x0000000084200000, 0x0000000084300000, 0x0000000084300000|100%|HS|  |TAMS 0x0000000084300000, 0x0000000084300000| Complete 
|  67|0x0000000084300000, 0x0000000084400000, 0x0000000084400000|100%|HC|  |TAMS 0x0000000084400000, 0x0000000084400000| Complete 
|  68|0x0000000084400000, 0x0000000084500000, 0x0000000084500000|100%| O|  |TAMS 0x0000000084500000, 0x0000000084500000| Untracked 
|  69|0x0000000084500000, 0x0000000084600000, 0x0000000084600000|100%| O|  |TAMS 0x0000000084600000, 0x0000000084600000| Untracked 
|  70|0x0000000084600000, 0x0000000084700000, 0x0000000084700000|100%| O|  |TAMS 0x0000000084700000, 0x0000000084700000| Untracked 
|  71|0x0000000084700000, 0x0000000084800000, 0x0000000084800000|100%| O|  |TAMS 0x0000000084700000, 0x0000000084800000| Untracked 
|  72|0x0000000084800000, 0x0000000084900000, 0x0000000084900000|100%| O|  |TAMS 0x0000000084900000, 0x0000000084900000| Untracked 
|  73|0x0000000084900000, 0x0000000084a00000, 0x0000000084a00000|100%| O|  |TAMS 0x0000000084a00000, 0x0000000084a00000| Untracked 
|  74|0x0000000084a00000, 0x0000000084b00000, 0x0000000084b00000|100%| O|  |TAMS 0x0000000084b00000, 0x0000000084b00000| Untracked 
|  75|0x0000000084b00000, 0x0000000084c00000, 0x0000000084c00000|100%| O|  |TAMS 0x0000000084c00000, 0x0000000084c00000| Untracked 
|  76|0x0000000084c00000, 0x0000000084d00000, 0x0000000084d00000|100%| O|  |TAMS 0x0000000084d00000, 0x0000000084d00000| Untracked 
|  77|0x0000000084d00000, 0x0000000084e00000, 0x0000000084e00000|100%| O|  |TAMS 0x0000000084e00000, 0x0000000084e00000| Untracked 
|  78|0x0000000084e00000, 0x0000000084f00000, 0x0000000084f00000|100%| O|  |TAMS 0x0000000084f00000, 0x0000000084f00000| Untracked 
|  79|0x0000000084f00000, 0x0000000085000000, 0x0000000085000000|100%| O|  |TAMS 0x0000000085000000, 0x0000000085000000| Untracked 
|  80|0x0000000085000000, 0x0000000085100000, 0x0000000085100000|100%| O|  |TAMS 0x0000000085100000, 0x0000000085100000| Untracked 
|  81|0x0000000085100000, 0x0000000085200000, 0x0000000085200000|100%| O|  |TAMS 0x0000000085200000, 0x0000000085200000| Untracked 
|  82|0x0000000085200000, 0x0000000085300000, 0x0000000085300000|100%| O|  |TAMS 0x0000000085300000, 0x0000000085300000| Untracked 
|  83|0x0000000085300000, 0x000000008531ac00, 0x0000000085400000| 10%| O|  |TAMS 0x0000000085300000, 0x000000008531ac00| Untracked 
|  84|0x0000000085400000, 0x0000000085500000, 0x0000000085500000|100%| O|  |TAMS 0x0000000085500000, 0x0000000085500000| Untracked 
|  85|0x0000000085500000, 0x0000000085500000, 0x0000000085600000|  0%| F|  |TAMS 0x0000000085500000, 0x0000000085500000| Untracked 
|  86|0x0000000085600000, 0x0000000085700000, 0x0000000085700000|100%|HS|  |TAMS 0x0000000085700000, 0x0000000085700000| Complete 
|  87|0x0000000085700000, 0x0000000085800000, 0x0000000085800000|100%|HC|  |TAMS 0x0000000085800000, 0x0000000085800000| Complete 
|  88|0x0000000085800000, 0x0000000085900000, 0x0000000085900000|100%| O|  |TAMS 0x0000000085900000, 0x0000000085900000| Untracked 
|  89|0x0000000085900000, 0x0000000085a00000, 0x0000000085a00000|100%| O|  |TAMS 0x0000000085a00000, 0x0000000085a00000| Untracked 
|  90|0x0000000085a00000, 0x0000000085b00000, 0x0000000085b00000|100%| O|  |TAMS 0x0000000085a86000, 0x0000000085b00000| Untracked 
|  91|0x0000000085b00000, 0x0000000085c00000, 0x0000000085c00000|100%| O|  |TAMS 0x0000000085c00000, 0x0000000085c00000| Untracked 
|  92|0x0000000085c00000, 0x0000000085d00000, 0x0000000085d00000|100%| O|  |TAMS 0x0000000085d00000, 0x0000000085d00000| Untracked 
|  93|0x0000000085d00000, 0x0000000085d00000, 0x0000000085e00000|  0%| F|  |TAMS 0x0000000085d00000, 0x0000000085d00000| Untracked 
|  94|0x0000000085e00000, 0x0000000085f00000, 0x0000000085f00000|100%| O|  |TAMS 0x0000000085f00000, 0x0000000085f00000| Untracked 
|  95|0x0000000085f00000, 0x0000000085f00000, 0x0000000086000000|  0%| F|  |TAMS 0x0000000085f00000, 0x0000000085f00000| Untracked 
|  96|0x0000000086000000, 0x0000000086100000, 0x0000000086100000|100%| O|  |TAMS 0x0000000086100000, 0x0000000086100000| Untracked 
|  97|0x0000000086100000, 0x0000000086100000, 0x0000000086200000|  0%| F|  |TAMS 0x0000000086100000, 0x0000000086100000| Untracked 
|  98|0x0000000086200000, 0x0000000086300000, 0x0000000086300000|100%| O|  |TAMS 0x0000000086300000, 0x0000000086300000| Untracked 
|  99|0x0000000086300000, 0x0000000086300000, 0x0000000086400000|  0%| F|  |TAMS 0x0000000086300000, 0x0000000086300000| Untracked 
| 100|0x0000000086400000, 0x0000000086500000, 0x0000000086500000|100%| O|  |TAMS 0x0000000086500000, 0x0000000086500000| Untracked 
| 101|0x0000000086500000, 0x0000000086600000, 0x0000000086600000|100%| O|  |TAMS 0x0000000086600000, 0x0000000086600000| Untracked 
| 102|0x0000000086600000, 0x0000000086700000, 0x0000000086700000|100%| O|  |TAMS 0x0000000086700000, 0x0000000086700000| Untracked 
| 103|0x0000000086700000, 0x0000000086800000, 0x0000000086800000|100%| O|  |TAMS 0x0000000086800000, 0x0000000086800000| Untracked 
| 104|0x0000000086800000, 0x0000000086900000, 0x0000000086900000|100%| O|  |TAMS 0x0000000086900000, 0x0000000086900000| Untracked 
| 105|0x0000000086900000, 0x0000000086a00000, 0x0000000086a00000|100%| O|  |TAMS 0x0000000086a00000, 0x0000000086a00000| Untracked 
| 106|0x0000000086a00000, 0x0000000086b00000, 0x0000000086b00000|100%| O|  |TAMS 0x0000000086b00000, 0x0000000086b00000| Untracked 
| 107|0x0000000086b00000, 0x0000000086c00000, 0x0000000086c00000|100%| O|  |TAMS 0x0000000086c00000, 0x0000000086c00000| Untracked 
| 108|0x0000000086c00000, 0x0000000086c00000, 0x0000000086d00000|  0%| F|  |TAMS 0x0000000086c00000, 0x0000000086c00000| Untracked 
| 109|0x0000000086d00000, 0x0000000086e00000, 0x0000000086e00000|100%| O|  |TAMS 0x0000000086e00000, 0x0000000086e00000| Untracked 
| 110|0x0000000086e00000, 0x0000000086f00000, 0x0000000086f00000|100%| O|  |TAMS 0x0000000086f00000, 0x0000000086f00000| Untracked 
| 111|0x0000000086f00000, 0x0000000087000000, 0x0000000087000000|100%| O|  |TAMS 0x0000000087000000, 0x0000000087000000| Untracked 
| 112|0x0000000087000000, 0x0000000087100000, 0x0000000087100000|100%| O|  |TAMS 0x0000000087100000, 0x0000000087100000| Untracked 
| 113|0x0000000087100000, 0x0000000087200000, 0x0000000087200000|100%| O|  |TAMS 0x0000000087200000, 0x0000000087200000| Untracked 
| 114|0x0000000087200000, 0x0000000087300000, 0x0000000087300000|100%| O|  |TAMS 0x0000000087300000, 0x0000000087300000| Untracked 
| 115|0x0000000087300000, 0x0000000087400000, 0x0000000087400000|100%|HS|  |TAMS 0x0000000087400000, 0x0000000087400000| Complete 
| 116|0x0000000087400000, 0x0000000087500000, 0x0000000087500000|100%|HC|  |TAMS 0x0000000087500000, 0x0000000087500000| Complete 
| 117|0x0000000087500000, 0x0000000087600000, 0x0000000087600000|100%|HC|  |TAMS 0x0000000087600000, 0x0000000087600000| Complete 
| 118|0x0000000087600000, 0x0000000087700000, 0x0000000087700000|100%|HS|  |TAMS 0x0000000087700000, 0x0000000087700000| Complete 
| 119|0x0000000087700000, 0x0000000087800000, 0x0000000087800000|100%|HC|  |TAMS 0x0000000087800000, 0x0000000087800000| Complete 
| 120|0x0000000087800000, 0x0000000087900000, 0x0000000087900000|100%|HC|  |TAMS 0x0000000087900000, 0x0000000087900000| Complete 
| 121|0x0000000087900000, 0x0000000087a00000, 0x0000000087a00000|100%| O|  |TAMS 0x0000000087a00000, 0x0000000087a00000| Untracked 
| 122|0x0000000087a00000, 0x0000000087b00000, 0x0000000087b00000|100%| O|  |TAMS 0x0000000087b00000, 0x0000000087b00000| Untracked 
| 123|0x0000000087b00000, 0x0000000087c00000, 0x0000000087c00000|100%|HS|  |TAMS 0x0000000087c00000, 0x0000000087c00000| Complete 
| 124|0x0000000087c00000, 0x0000000087d00000, 0x0000000087d00000|100%|HC|  |TAMS 0x0000000087d00000, 0x0000000087d00000| Complete 
| 125|0x0000000087d00000, 0x0000000087e00000, 0x0000000087e00000|100%| O|  |TAMS 0x0000000087e00000, 0x0000000087e00000| Untracked 
| 126|0x0000000087e00000, 0x0000000087f00000, 0x0000000087f00000|100%|HS|  |TAMS 0x0000000087f00000, 0x0000000087f00000| Complete 
| 127|0x0000000087f00000, 0x0000000088000000, 0x0000000088000000|100%|HC|  |TAMS 0x0000000088000000, 0x0000000088000000| Complete 
| 128|0x0000000088000000, 0x0000000088100000, 0x0000000088100000|100%|HC|  |TAMS 0x0000000088100000, 0x0000000088100000| Complete 
| 129|0x0000000088100000, 0x0000000088200000, 0x0000000088200000|100%|HC|  |TAMS 0x0000000088200000, 0x0000000088200000| Complete 
| 130|0x0000000088200000, 0x0000000088300000, 0x0000000088300000|100%|HS|  |TAMS 0x0000000088300000, 0x0000000088300000| Complete 
| 131|0x0000000088300000, 0x0000000088400000, 0x0000000088400000|100%|HC|  |TAMS 0x0000000088400000, 0x0000000088400000| Complete 
| 132|0x0000000088400000, 0x0000000088500000, 0x0000000088500000|100%|HC|  |TAMS 0x0000000088500000, 0x0000000088500000| Complete 
| 133|0x0000000088500000, 0x0000000088600000, 0x0000000088600000|100%|HC|  |TAMS 0x0000000088600000, 0x0000000088600000| Complete 
| 134|0x0000000088600000, 0x0000000088700000, 0x0000000088700000|100%|HC|  |TAMS 0x0000000088700000, 0x0000000088700000| Complete 
| 135|0x0000000088700000, 0x0000000088800000, 0x0000000088800000|100%|HS|  |TAMS 0x0000000088800000, 0x0000000088800000| Complete 
| 136|0x0000000088800000, 0x0000000088900000, 0x0000000088900000|100%|HC|  |TAMS 0x0000000088900000, 0x0000000088900000| Complete 
| 137|0x0000000088900000, 0x0000000088a00000, 0x0000000088a00000|100%|HC|  |TAMS 0x0000000088a00000, 0x0000000088a00000| Complete 
| 138|0x0000000088a00000, 0x0000000088b00000, 0x0000000088b00000|100%|HC|  |TAMS 0x0000000088b00000, 0x0000000088b00000| Complete 
| 139|0x0000000088b00000, 0x0000000088c00000, 0x0000000088c00000|100%|HS|  |TAMS 0x0000000088c00000, 0x0000000088c00000| Complete 
| 140|0x0000000088c00000, 0x0000000088d00000, 0x0000000088d00000|100%|HC|  |TAMS 0x0000000088d00000, 0x0000000088d00000| Complete 
| 141|0x0000000088d00000, 0x0000000088e00000, 0x0000000088e00000|100%|HC|  |TAMS 0x0000000088e00000, 0x0000000088e00000| Complete 
| 142|0x0000000088e00000, 0x0000000088f00000, 0x0000000088f00000|100%|HS|  |TAMS 0x0000000088f00000, 0x0000000088f00000| Complete 
| 143|0x0000000088f00000, 0x0000000089000000, 0x0000000089000000|100%|HC|  |TAMS 0x0000000089000000, 0x0000000089000000| Complete 
| 144|0x0000000089000000, 0x0000000089100000, 0x0000000089100000|100%|HC|  |TAMS 0x0000000089100000, 0x0000000089100000| Complete 
| 145|0x0000000089100000, 0x0000000089200000, 0x0000000089200000|100%| O|  |TAMS 0x0000000089200000, 0x0000000089200000| Untracked 
| 146|0x0000000089200000, 0x0000000089200000, 0x0000000089300000|  0%| F|  |TAMS 0x0000000089200000, 0x0000000089200000| Untracked 
| 147|0x0000000089300000, 0x0000000089400000, 0x0000000089400000|100%| O|  |TAMS 0x0000000089400000, 0x0000000089400000| Untracked 
| 148|0x0000000089400000, 0x0000000089500000, 0x0000000089500000|100%| O|  |TAMS 0x0000000089500000, 0x0000000089500000| Untracked 
| 149|0x0000000089500000, 0x0000000089600000, 0x0000000089600000|100%| O|  |TAMS 0x0000000089600000, 0x0000000089600000| Untracked 
| 150|0x0000000089600000, 0x0000000089700000, 0x0000000089700000|100%| O|  |TAMS 0x0000000089700000, 0x0000000089700000| Untracked 
| 151|0x0000000089700000, 0x0000000089800000, 0x0000000089800000|100%|HS|  |TAMS 0x0000000089800000, 0x0000000089800000| Complete 
| 152|0x0000000089800000, 0x0000000089900000, 0x0000000089900000|100%|HC|  |TAMS 0x0000000089900000, 0x0000000089900000| Complete 
| 153|0x0000000089900000, 0x0000000089a00000, 0x0000000089a00000|100%|HC|  |TAMS 0x0000000089a00000, 0x0000000089a00000| Complete 
| 154|0x0000000089a00000, 0x0000000089b00000, 0x0000000089b00000|100%|HC|  |TAMS 0x0000000089b00000, 0x0000000089b00000| Complete 
| 155|0x0000000089b00000, 0x0000000089c00000, 0x0000000089c00000|100%|HC|  |TAMS 0x0000000089c00000, 0x0000000089c00000| Complete 
| 156|0x0000000089c00000, 0x0000000089d00000, 0x0000000089d00000|100%|HS|  |TAMS 0x0000000089d00000, 0x0000000089d00000| Complete 
| 157|0x0000000089d00000, 0x0000000089e00000, 0x0000000089e00000|100%|HC|  |TAMS 0x0000000089e00000, 0x0000000089e00000| Complete 
| 158|0x0000000089e00000, 0x0000000089f00000, 0x0000000089f00000|100%|HC|  |TAMS 0x0000000089f00000, 0x0000000089f00000| Complete 
| 159|0x0000000089f00000, 0x000000008a000000, 0x000000008a000000|100%|HS|  |TAMS 0x000000008a000000, 0x000000008a000000| Complete 
| 160|0x000000008a000000, 0x000000008a100000, 0x000000008a100000|100%|HC|  |TAMS 0x000000008a100000, 0x000000008a100000| Complete 
| 161|0x000000008a100000, 0x000000008a200000, 0x000000008a200000|100%|HC|  |TAMS 0x000000008a200000, 0x000000008a200000| Complete 
| 162|0x000000008a200000, 0x000000008a300000, 0x000000008a300000|100%|HS|  |TAMS 0x000000008a300000, 0x000000008a300000| Complete 
| 163|0x000000008a300000, 0x000000008a400000, 0x000000008a400000|100%|HC|  |TAMS 0x000000008a400000, 0x000000008a400000| Complete 
| 164|0x000000008a400000, 0x000000008a500000, 0x000000008a500000|100%|HC|  |TAMS 0x000000008a500000, 0x000000008a500000| Complete 
| 165|0x000000008a500000, 0x000000008a600000, 0x000000008a600000|100%|HC|  |TAMS 0x000000008a600000, 0x000000008a600000| Complete 
| 166|0x000000008a600000, 0x000000008a700000, 0x000000008a700000|100%|HS|  |TAMS 0x000000008a700000, 0x000000008a700000| Complete 
| 167|0x000000008a700000, 0x000000008a800000, 0x000000008a800000|100%|HC|  |TAMS 0x000000008a800000, 0x000000008a800000| Complete 
| 168|0x000000008a800000, 0x000000008a900000, 0x000000008a900000|100%|HC|  |TAMS 0x000000008a900000, 0x000000008a900000| Complete 
| 169|0x000000008a900000, 0x000000008aa00000, 0x000000008aa00000|100%|HC|  |TAMS 0x000000008aa00000, 0x000000008aa00000| Complete 
| 170|0x000000008aa00000, 0x000000008ab00000, 0x000000008ab00000|100%|HC|  |TAMS 0x000000008ab00000, 0x000000008ab00000| Complete 
| 171|0x000000008ab00000, 0x000000008ac00000, 0x000000008ac00000|100%| O|  |TAMS 0x000000008ac00000, 0x000000008ac00000| Untracked 
| 172|0x000000008ac00000, 0x000000008ad00000, 0x000000008ad00000|100%| O|  |TAMS 0x000000008ad00000, 0x000000008ad00000| Untracked 
| 173|0x000000008ad00000, 0x000000008ae00000, 0x000000008ae00000|100%| O|  |TAMS 0x000000008ae00000, 0x000000008ae00000| Untracked 
| 174|0x000000008ae00000, 0x000000008ae00000, 0x000000008af00000|  0%| F|  |TAMS 0x000000008ae00000, 0x000000008ae00000| Untracked 
| 175|0x000000008af00000, 0x000000008af00000, 0x000000008b000000|  0%| F|  |TAMS 0x000000008af00000, 0x000000008af00000| Untracked 
| 176|0x000000008b000000, 0x000000008b000000, 0x000000008b100000|  0%| F|  |TAMS 0x000000008b000000, 0x000000008b000000| Untracked 
| 177|0x000000008b100000, 0x000000008b100000, 0x000000008b200000|  0%| F|  |TAMS 0x000000008b100000, 0x000000008b100000| Untracked 
| 178|0x000000008b200000, 0x000000008b200000, 0x000000008b300000|  0%| F|  |TAMS 0x000000008b200000, 0x000000008b200000| Untracked 
| 179|0x000000008b300000, 0x000000008b300000, 0x000000008b400000|  0%| F|  |TAMS 0x000000008b300000, 0x000000008b300000| Untracked 
| 180|0x000000008b400000, 0x000000008b500000, 0x000000008b500000|100%| O|  |TAMS 0x000000008b500000, 0x000000008b500000| Untracked 
| 181|0x000000008b500000, 0x000000008b600000, 0x000000008b600000|100%| O|  |TAMS 0x000000008b600000, 0x000000008b600000| Untracked 
| 182|0x000000008b600000, 0x000000008b700000, 0x000000008b700000|100%| O|  |TAMS 0x000000008b700000, 0x000000008b700000| Untracked 
| 183|0x000000008b700000, 0x000000008b800000, 0x000000008b800000|100%| O|  |TAMS 0x000000008b800000, 0x000000008b800000| Untracked 
| 184|0x000000008b800000, 0x000000008b900000, 0x000000008b900000|100%| O|  |TAMS 0x000000008b900000, 0x000000008b900000| Untracked 
| 185|0x000000008b900000, 0x000000008ba00000, 0x000000008ba00000|100%| O|  |TAMS 0x000000008ba00000, 0x000000008ba00000| Untracked 
| 186|0x000000008ba00000, 0x000000008bb00000, 0x000000008bb00000|100%| O|  |TAMS 0x000000008bb00000, 0x000000008bb00000| Untracked 
| 187|0x000000008bb00000, 0x000000008bc00000, 0x000000008bc00000|100%| O|  |TAMS 0x000000008bc00000, 0x000000008bc00000| Untracked 
| 188|0x000000008bc00000, 0x000000008bd00000, 0x000000008bd00000|100%| O|  |TAMS 0x000000008bd00000, 0x000000008bd00000| Untracked 
| 189|0x000000008bd00000, 0x000000008be00000, 0x000000008be00000|100%| O|  |TAMS 0x000000008be00000, 0x000000008be00000| Untracked 
| 190|0x000000008be00000, 0x000000008bf00000, 0x000000008bf00000|100%| O|  |TAMS 0x000000008bf00000, 0x000000008bf00000| Untracked 
| 191|0x000000008bf00000, 0x000000008c000000, 0x000000008c000000|100%| O|  |TAMS 0x000000008c000000, 0x000000008c000000| Untracked 
| 192|0x000000008c000000, 0x000000008c100000, 0x000000008c100000|100%| O|  |TAMS 0x000000008c100000, 0x000000008c100000| Untracked 
| 193|0x000000008c100000, 0x000000008c200000, 0x000000008c200000|100%| O|  |TAMS 0x000000008c200000, 0x000000008c200000| Untracked 
| 194|0x000000008c200000, 0x000000008c300000, 0x000000008c300000|100%| O|  |TAMS 0x000000008c300000, 0x000000008c300000| Untracked 
| 195|0x000000008c300000, 0x000000008c300000, 0x000000008c400000|  0%| F|  |TAMS 0x000000008c300000, 0x000000008c300000| Untracked 
| 196|0x000000008c400000, 0x000000008c400000, 0x000000008c500000|  0%| F|  |TAMS 0x000000008c400000, 0x000000008c400000| Untracked 
| 197|0x000000008c500000, 0x000000008c500000, 0x000000008c600000|  0%| F|  |TAMS 0x000000008c500000, 0x000000008c500000| Untracked 
| 198|0x000000008c600000, 0x000000008c600000, 0x000000008c700000|  0%| F|  |TAMS 0x000000008c600000, 0x000000008c600000| Untracked 
| 199|0x000000008c700000, 0x000000008c700000, 0x000000008c800000|  0%| F|  |TAMS 0x000000008c700000, 0x000000008c700000| Untracked 
| 200|0x000000008c800000, 0x000000008c800000, 0x000000008c900000|  0%| F|  |TAMS 0x000000008c800000, 0x000000008c800000| Untracked 
| 201|0x000000008c900000, 0x000000008c900000, 0x000000008ca00000|  0%| F|  |TAMS 0x000000008c900000, 0x000000008c900000| Untracked 
| 202|0x000000008ca00000, 0x000000008ca00000, 0x000000008cb00000|  0%| F|  |TAMS 0x000000008ca00000, 0x000000008ca00000| Untracked 
| 203|0x000000008cb00000, 0x000000008cb00000, 0x000000008cc00000|  0%| F|  |TAMS 0x000000008cb00000, 0x000000008cb00000| Untracked 
| 204|0x000000008cc00000, 0x000000008cc00000, 0x000000008cd00000|  0%| F|  |TAMS 0x000000008cc00000, 0x000000008cc00000| Untracked 
| 205|0x000000008cd00000, 0x000000008cd00000, 0x000000008ce00000|  0%| F|  |TAMS 0x000000008cd00000, 0x000000008cd00000| Untracked 
| 206|0x000000008ce00000, 0x000000008ce00000, 0x000000008cf00000|  0%| F|  |TAMS 0x000000008ce00000, 0x000000008ce00000| Untracked 
| 207|0x000000008cf00000, 0x000000008cf00000, 0x000000008d000000|  0%| F|  |TAMS 0x000000008cf00000, 0x000000008cf00000| Untracked 
| 208|0x000000008d000000, 0x000000008d000000, 0x000000008d100000|  0%| F|  |TAMS 0x000000008d000000, 0x000000008d000000| Untracked 
| 209|0x000000008d100000, 0x000000008d200000, 0x000000008d200000|100%| O|  |TAMS 0x000000008d200000, 0x000000008d200000| Untracked 
| 210|0x000000008d200000, 0x000000008d300000, 0x000000008d300000|100%| O|  |TAMS 0x000000008d300000, 0x000000008d300000| Untracked 
| 211|0x000000008d300000, 0x000000008d400000, 0x000000008d400000|100%| O|  |TAMS 0x000000008d400000, 0x000000008d400000| Untracked 
| 212|0x000000008d400000, 0x000000008d500000, 0x000000008d500000|100%| O|  |TAMS 0x000000008d500000, 0x000000008d500000| Untracked 
| 213|0x000000008d500000, 0x000000008d600000, 0x000000008d600000|100%| O|  |TAMS 0x000000008d600000, 0x000000008d600000| Untracked 
| 214|0x000000008d600000, 0x000000008d700000, 0x000000008d700000|100%| O|  |TAMS 0x000000008d700000, 0x000000008d700000| Untracked 
| 215|0x000000008d700000, 0x000000008d800000, 0x000000008d800000|100%| O|  |TAMS 0x000000008d800000, 0x000000008d800000| Untracked 
| 216|0x000000008d800000, 0x000000008d800000, 0x000000008d900000|  0%| F|  |TAMS 0x000000008d800000, 0x000000008d800000| Untracked 
| 217|0x000000008d900000, 0x000000008d900000, 0x000000008da00000|  0%| F|  |TAMS 0x000000008d900000, 0x000000008d900000| Untracked 
| 218|0x000000008da00000, 0x000000008da00000, 0x000000008db00000|  0%| F|  |TAMS 0x000000008da00000, 0x000000008da00000| Untracked 
| 219|0x000000008db00000, 0x000000008dc00000, 0x000000008dc00000|100%| O|  |TAMS 0x000000008dc00000, 0x000000008dc00000| Untracked 
| 220|0x000000008dc00000, 0x000000008dd00000, 0x000000008dd00000|100%| O|  |TAMS 0x000000008dd00000, 0x000000008dd00000| Untracked 
| 221|0x000000008dd00000, 0x000000008dd00000, 0x000000008de00000|  0%| F|  |TAMS 0x000000008dd00000, 0x000000008dd00000| Untracked 
| 222|0x000000008de00000, 0x000000008de00000, 0x000000008df00000|  0%| F|  |TAMS 0x000000008de00000, 0x000000008de00000| Untracked 
| 223|0x000000008df00000, 0x000000008df00000, 0x000000008e000000|  0%| F|  |TAMS 0x000000008df00000, 0x000000008df00000| Untracked 
| 224|0x000000008e000000, 0x000000008e000000, 0x000000008e100000|  0%| F|  |TAMS 0x000000008e000000, 0x000000008e000000| Untracked 
| 225|0x000000008e100000, 0x000000008e100000, 0x000000008e200000|  0%| F|  |TAMS 0x000000008e100000, 0x000000008e100000| Untracked 
| 226|0x000000008e200000, 0x000000008e200000, 0x000000008e300000|  0%| F|  |TAMS 0x000000008e200000, 0x000000008e200000| Untracked 
| 227|0x000000008e300000, 0x000000008e300000, 0x000000008e400000|  0%| F|  |TAMS 0x000000008e300000, 0x000000008e300000| Untracked 
| 228|0x000000008e400000, 0x000000008e400000, 0x000000008e500000|  0%| F|  |TAMS 0x000000008e400000, 0x000000008e400000| Untracked 
| 229|0x000000008e500000, 0x000000008e500000, 0x000000008e600000|  0%| F|  |TAMS 0x000000008e500000, 0x000000008e500000| Untracked 
| 230|0x000000008e600000, 0x000000008e600000, 0x000000008e700000|  0%| F|  |TAMS 0x000000008e600000, 0x000000008e600000| Untracked 
| 231|0x000000008e700000, 0x000000008e700000, 0x000000008e800000|  0%| F|  |TAMS 0x000000008e700000, 0x000000008e700000| Untracked 
| 232|0x000000008e800000, 0x000000008e800000, 0x000000008e900000|  0%| F|  |TAMS 0x000000008e800000, 0x000000008e800000| Untracked 
| 233|0x000000008e900000, 0x000000008e900000, 0x000000008ea00000|  0%| F|  |TAMS 0x000000008e900000, 0x000000008e900000| Untracked 
| 234|0x000000008ea00000, 0x000000008ea00000, 0x000000008eb00000|  0%| F|  |TAMS 0x000000008ea00000, 0x000000008ea00000| Untracked 
| 235|0x000000008eb00000, 0x000000008eb00000, 0x000000008ec00000|  0%| F|  |TAMS 0x000000008eb00000, 0x000000008eb00000| Untracked 
| 236|0x000000008ec00000, 0x000000008ec00000, 0x000000008ed00000|  0%| F|  |TAMS 0x000000008ec00000, 0x000000008ec00000| Untracked 
| 237|0x000000008ed00000, 0x000000008ed00000, 0x000000008ee00000|  0%| F|  |TAMS 0x000000008ed00000, 0x000000008ed00000| Untracked 
| 238|0x000000008ee00000, 0x000000008ee00000, 0x000000008ef00000|  0%| F|  |TAMS 0x000000008ee00000, 0x000000008ee00000| Untracked 
| 239|0x000000008ef00000, 0x000000008ef00000, 0x000000008f000000|  0%| F|  |TAMS 0x000000008ef00000, 0x000000008ef00000| Untracked 
| 240|0x000000008f000000, 0x000000008f000000, 0x000000008f100000|  0%| F|  |TAMS 0x000000008f000000, 0x000000008f000000| Untracked 
| 241|0x000000008f100000, 0x000000008f100000, 0x000000008f200000|  0%| F|  |TAMS 0x000000008f100000, 0x000000008f100000| Untracked 
| 242|0x000000008f200000, 0x000000008f200000, 0x000000008f300000|  0%| F|  |TAMS 0x000000008f200000, 0x000000008f200000| Untracked 
| 243|0x000000008f300000, 0x000000008f300000, 0x000000008f400000|  0%| F|  |TAMS 0x000000008f300000, 0x000000008f300000| Untracked 
| 244|0x000000008f400000, 0x000000008f400000, 0x000000008f500000|  0%| F|  |TAMS 0x000000008f400000, 0x000000008f400000| Untracked 
| 245|0x000000008f500000, 0x000000008f500000, 0x000000008f600000|  0%| F|  |TAMS 0x000000008f500000, 0x000000008f500000| Untracked 
| 246|0x000000008f600000, 0x000000008f600000, 0x000000008f700000|  0%| F|  |TAMS 0x000000008f600000, 0x000000008f600000| Untracked 
| 247|0x000000008f700000, 0x000000008f700000, 0x000000008f800000|  0%| F|  |TAMS 0x000000008f700000, 0x000000008f700000| Untracked 
| 248|0x000000008f800000, 0x000000008f800000, 0x000000008f900000|  0%| F|  |TAMS 0x000000008f800000, 0x000000008f800000| Untracked 
| 249|0x000000008f900000, 0x000000008f900000, 0x000000008fa00000|  0%| F|  |TAMS 0x000000008f900000, 0x000000008f900000| Untracked 
| 250|0x000000008fa00000, 0x000000008fa00000, 0x000000008fb00000|  0%| F|  |TAMS 0x000000008fa00000, 0x000000008fa00000| Untracked 
| 251|0x000000008fb00000, 0x000000008fb00000, 0x000000008fc00000|  0%| F|  |TAMS 0x000000008fb00000, 0x000000008fb00000| Untracked 
| 252|0x000000008fc00000, 0x000000008fc00000, 0x000000008fd00000|  0%| F|  |TAMS 0x000000008fc00000, 0x000000008fc00000| Untracked 
| 253|0x000000008fd00000, 0x000000008fd00000, 0x000000008fe00000|  0%| F|  |TAMS 0x000000008fd00000, 0x000000008fd00000| Untracked 
| 254|0x000000008fe00000, 0x000000008fe00000, 0x000000008ff00000|  0%| F|  |TAMS 0x000000008fe00000, 0x000000008fe00000| Untracked 
| 255|0x000000008ff00000, 0x000000008ff00000, 0x0000000090000000|  0%| F|  |TAMS 0x000000008ff00000, 0x000000008ff00000| Untracked 
| 256|0x0000000090000000, 0x0000000090000000, 0x0000000090100000|  0%| F|  |TAMS 0x0000000090000000, 0x0000000090000000| Untracked 
| 257|0x0000000090100000, 0x0000000090100000, 0x0000000090200000|  0%| F|  |TAMS 0x0000000090100000, 0x0000000090100000| Untracked 
| 258|0x0000000090200000, 0x0000000090200000, 0x0000000090300000|  0%| F|  |TAMS 0x0000000090200000, 0x0000000090200000| Untracked 
| 259|0x0000000090300000, 0x0000000090300000, 0x0000000090400000|  0%| F|  |TAMS 0x0000000090300000, 0x0000000090300000| Untracked 
| 260|0x0000000090400000, 0x0000000090400000, 0x0000000090500000|  0%| F|  |TAMS 0x0000000090400000, 0x0000000090400000| Untracked 
| 261|0x0000000090500000, 0x0000000090500000, 0x0000000090600000|  0%| F|  |TAMS 0x0000000090500000, 0x0000000090500000| Untracked 
| 262|0x0000000090600000, 0x0000000090600000, 0x0000000090700000|  0%| F|  |TAMS 0x0000000090600000, 0x0000000090600000| Untracked 
| 263|0x0000000090700000, 0x0000000090700000, 0x0000000090800000|  0%| F|  |TAMS 0x0000000090700000, 0x0000000090700000| Untracked 
| 264|0x0000000090800000, 0x0000000090800000, 0x0000000090900000|  0%| F|  |TAMS 0x0000000090800000, 0x0000000090800000| Untracked 
| 265|0x0000000090900000, 0x00000000909715c8, 0x0000000090a00000| 44%| S|CS|TAMS 0x0000000090900000, 0x0000000090900000| Complete 
| 266|0x0000000090a00000, 0x0000000090b00000, 0x0000000090b00000|100%| S|CS|TAMS 0x0000000090a00000, 0x0000000090a00000| Complete 
| 267|0x0000000090b00000, 0x0000000090c00000, 0x0000000090c00000|100%| S|CS|TAMS 0x0000000090b00000, 0x0000000090b00000| Complete 
| 268|0x0000000090c00000, 0x0000000090d00000, 0x0000000090d00000|100%| S|CS|TAMS 0x0000000090c00000, 0x0000000090c00000| Complete 
| 269|0x0000000090d00000, 0x0000000090e00000, 0x0000000090e00000|100%| S|CS|TAMS 0x0000000090d00000, 0x0000000090d00000| Complete 
| 270|0x0000000090e00000, 0x0000000090e00000, 0x0000000090f00000|  0%| F|  |TAMS 0x0000000090e00000, 0x0000000090e00000| Untracked 
| 271|0x0000000090f00000, 0x0000000090f00000, 0x0000000091000000|  0%| F|  |TAMS 0x0000000090f00000, 0x0000000090f00000| Untracked 
| 272|0x0000000091000000, 0x0000000091000000, 0x0000000091100000|  0%| F|  |TAMS 0x0000000091000000, 0x0000000091000000| Untracked 
| 273|0x0000000091100000, 0x0000000091100000, 0x0000000091200000|  0%| F|  |TAMS 0x0000000091100000, 0x0000000091100000| Untracked 
| 274|0x0000000091200000, 0x0000000091200000, 0x0000000091300000|  0%| F|  |TAMS 0x0000000091200000, 0x0000000091200000| Untracked 
| 275|0x0000000091300000, 0x0000000091300000, 0x0000000091400000|  0%| F|  |TAMS 0x0000000091300000, 0x0000000091300000| Untracked 
| 276|0x0000000091400000, 0x0000000091400000, 0x0000000091500000|  0%| F|  |TAMS 0x0000000091400000, 0x0000000091400000| Untracked 
| 277|0x0000000091500000, 0x0000000091500000, 0x0000000091600000|  0%| F|  |TAMS 0x0000000091500000, 0x0000000091500000| Untracked 
| 278|0x0000000091600000, 0x0000000091600000, 0x0000000091700000|  0%| F|  |TAMS 0x0000000091600000, 0x0000000091600000| Untracked 
| 279|0x0000000091700000, 0x0000000091700000, 0x0000000091800000|  0%| F|  |TAMS 0x0000000091700000, 0x0000000091700000| Untracked 
| 280|0x0000000091800000, 0x0000000091800000, 0x0000000091900000|  0%| F|  |TAMS 0x0000000091800000, 0x0000000091800000| Untracked 
| 281|0x0000000091900000, 0x0000000091900000, 0x0000000091a00000|  0%| F|  |TAMS 0x0000000091900000, 0x0000000091900000| Untracked 
| 282|0x0000000091a00000, 0x0000000091a00000, 0x0000000091b00000|  0%| F|  |TAMS 0x0000000091a00000, 0x0000000091a00000| Untracked 
| 283|0x0000000091b00000, 0x0000000091b00000, 0x0000000091c00000|  0%| F|  |TAMS 0x0000000091b00000, 0x0000000091b00000| Untracked 
| 284|0x0000000091c00000, 0x0000000091c00000, 0x0000000091d00000|  0%| F|  |TAMS 0x0000000091c00000, 0x0000000091c00000| Untracked 
| 285|0x0000000091d00000, 0x0000000091d00000, 0x0000000091e00000|  0%| F|  |TAMS 0x0000000091d00000, 0x0000000091d00000| Untracked 
| 286|0x0000000091e00000, 0x0000000091e00000, 0x0000000091f00000|  0%| F|  |TAMS 0x0000000091e00000, 0x0000000091e00000| Untracked 
| 287|0x0000000091f00000, 0x0000000091f00000, 0x0000000092000000|  0%| F|  |TAMS 0x0000000091f00000, 0x0000000091f00000| Untracked 
| 288|0x0000000092000000, 0x0000000092000000, 0x0000000092100000|  0%| F|  |TAMS 0x0000000092000000, 0x0000000092000000| Untracked 
| 289|0x0000000092100000, 0x0000000092100000, 0x0000000092200000|  0%| F|  |TAMS 0x0000000092100000, 0x0000000092100000| Untracked 
| 290|0x0000000092200000, 0x0000000092200000, 0x0000000092300000|  0%| F|  |TAMS 0x0000000092200000, 0x0000000092200000| Untracked 
| 291|0x0000000092300000, 0x0000000092300000, 0x0000000092400000|  0%| F|  |TAMS 0x0000000092300000, 0x0000000092300000| Untracked 
| 292|0x0000000092400000, 0x0000000092400000, 0x0000000092500000|  0%| F|  |TAMS 0x0000000092400000, 0x0000000092400000| Untracked 
| 293|0x0000000092500000, 0x0000000092500000, 0x0000000092600000|  0%| F|  |TAMS 0x0000000092500000, 0x0000000092500000| Untracked 
| 294|0x0000000092600000, 0x0000000092600000, 0x0000000092700000|  0%| F|  |TAMS 0x0000000092600000, 0x0000000092600000| Untracked 
| 295|0x0000000092700000, 0x0000000092700000, 0x0000000092800000|  0%| F|  |TAMS 0x0000000092700000, 0x0000000092700000| Untracked 
| 296|0x0000000092800000, 0x0000000092800000, 0x0000000092900000|  0%| F|  |TAMS 0x0000000092800000, 0x0000000092800000| Untracked 
| 297|0x0000000092900000, 0x0000000092900000, 0x0000000092a00000|  0%| F|  |TAMS 0x0000000092900000, 0x0000000092900000| Untracked 
| 298|0x0000000092a00000, 0x0000000092a00000, 0x0000000092b00000|  0%| F|  |TAMS 0x0000000092a00000, 0x0000000092a00000| Untracked 
| 299|0x0000000092b00000, 0x0000000092b00000, 0x0000000092c00000|  0%| F|  |TAMS 0x0000000092b00000, 0x0000000092b00000| Untracked 
| 300|0x0000000092c00000, 0x0000000092c00000, 0x0000000092d00000|  0%| F|  |TAMS 0x0000000092c00000, 0x0000000092c00000| Untracked 
| 301|0x0000000092d00000, 0x0000000092d00000, 0x0000000092e00000|  0%| F|  |TAMS 0x0000000092d00000, 0x0000000092d00000| Untracked 
| 302|0x0000000092e00000, 0x0000000092e00000, 0x0000000092f00000|  0%| F|  |TAMS 0x0000000092e00000, 0x0000000092e00000| Untracked 
| 303|0x0000000092f00000, 0x0000000092f00000, 0x0000000093000000|  0%| F|  |TAMS 0x0000000092f00000, 0x0000000092f00000| Untracked 
| 304|0x0000000093000000, 0x0000000093000000, 0x0000000093100000|  0%| F|  |TAMS 0x0000000093000000, 0x0000000093000000| Untracked 
| 305|0x0000000093100000, 0x0000000093100000, 0x0000000093200000|  0%| F|  |TAMS 0x0000000093100000, 0x0000000093100000| Untracked 
| 306|0x0000000093200000, 0x0000000093200000, 0x0000000093300000|  0%| F|  |TAMS 0x0000000093200000, 0x0000000093200000| Untracked 
| 307|0x0000000093300000, 0x0000000093300000, 0x0000000093400000|  0%| F|  |TAMS 0x0000000093300000, 0x0000000093300000| Untracked 
| 308|0x0000000093400000, 0x0000000093400000, 0x0000000093500000|  0%| F|  |TAMS 0x0000000093400000, 0x0000000093400000| Untracked 
| 309|0x0000000093500000, 0x0000000093500000, 0x0000000093600000|  0%| F|  |TAMS 0x0000000093500000, 0x0000000093500000| Untracked 
| 310|0x0000000093600000, 0x0000000093600000, 0x0000000093700000|  0%| F|  |TAMS 0x0000000093600000, 0x0000000093600000| Untracked 
| 311|0x0000000093700000, 0x0000000093700000, 0x0000000093800000|  0%| F|  |TAMS 0x0000000093700000, 0x0000000093700000| Untracked 
| 312|0x0000000093800000, 0x0000000093800000, 0x0000000093900000|  0%| F|  |TAMS 0x0000000093800000, 0x0000000093800000| Untracked 
| 313|0x0000000093900000, 0x0000000093900000, 0x0000000093a00000|  0%| F|  |TAMS 0x0000000093900000, 0x0000000093900000| Untracked 
| 314|0x0000000093a00000, 0x0000000093a00000, 0x0000000093b00000|  0%| F|  |TAMS 0x0000000093a00000, 0x0000000093a00000| Untracked 
| 315|0x0000000093b00000, 0x0000000093b00000, 0x0000000093c00000|  0%| F|  |TAMS 0x0000000093b00000, 0x0000000093b00000| Untracked 
| 316|0x0000000093c00000, 0x0000000093c00000, 0x0000000093d00000|  0%| F|  |TAMS 0x0000000093c00000, 0x0000000093c00000| Untracked 
| 317|0x0000000093d00000, 0x0000000093d00000, 0x0000000093e00000|  0%| F|  |TAMS 0x0000000093d00000, 0x0000000093d00000| Untracked 
| 318|0x0000000093e00000, 0x0000000093e00000, 0x0000000093f00000|  0%| F|  |TAMS 0x0000000093e00000, 0x0000000093e00000| Untracked 
| 319|0x0000000093f00000, 0x0000000093f00000, 0x0000000094000000|  0%| F|  |TAMS 0x0000000093f00000, 0x0000000093f00000| Untracked 
| 320|0x0000000094000000, 0x0000000094000000, 0x0000000094100000|  0%| F|  |TAMS 0x0000000094000000, 0x0000000094000000| Untracked 
| 321|0x0000000094100000, 0x0000000094100000, 0x0000000094200000|  0%| F|  |TAMS 0x0000000094100000, 0x0000000094100000| Untracked 
| 322|0x0000000094200000, 0x0000000094200000, 0x0000000094300000|  0%| F|  |TAMS 0x0000000094200000, 0x0000000094200000| Untracked 
| 323|0x0000000094300000, 0x0000000094300000, 0x0000000094400000|  0%| F|  |TAMS 0x0000000094300000, 0x0000000094300000| Untracked 
| 324|0x0000000094400000, 0x0000000094400000, 0x0000000094500000|  0%| F|  |TAMS 0x0000000094400000, 0x0000000094400000| Untracked 
| 325|0x0000000094500000, 0x0000000094500000, 0x0000000094600000|  0%| F|  |TAMS 0x0000000094500000, 0x0000000094500000| Untracked 
| 326|0x0000000094600000, 0x0000000094600000, 0x0000000094700000|  0%| F|  |TAMS 0x0000000094600000, 0x0000000094600000| Untracked 
| 327|0x0000000094700000, 0x0000000094700000, 0x0000000094800000|  0%| F|  |TAMS 0x0000000094700000, 0x0000000094700000| Untracked 
| 328|0x0000000094800000, 0x0000000094800000, 0x0000000094900000|  0%| F|  |TAMS 0x0000000094800000, 0x0000000094800000| Untracked 
| 329|0x0000000094900000, 0x0000000094900000, 0x0000000094a00000|  0%| F|  |TAMS 0x0000000094900000, 0x0000000094900000| Untracked 
| 330|0x0000000094a00000, 0x0000000094a00000, 0x0000000094b00000|  0%| F|  |TAMS 0x0000000094a00000, 0x0000000094a00000| Untracked 

Card table byte_map: [0x0000024edc4d0000,0x0000024edc8d0000] _byte_map_base: 0x0000024edc0d0000

Marking Bits (Prev, Next): (CMBitMap*) 0x0000024ec95f9ce8, (CMBitMap*) 0x0000024ec95f9d20
 Prev Bits: [0x0000024edccd0000, 0x0000024edecd0000)
 Next Bits: [0x0000024edecd0000, 0x0000024ee0cd0000)

Polling page: 0x0000024ec74d0000

Metaspace:

Usage:
  Non-class:    139.22 MB capacity,   136.67 MB ( 98%) used,     2.06 MB (  1%) free+waste,   502.75 KB ( <1%) overhead. 
      Class:     20.45 MB capacity,    18.98 MB ( 93%) used,     1.26 MB (  6%) free+waste,   217.44 KB (  1%) overhead. 
       Both:    159.67 MB capacity,   155.65 MB ( 97%) used,     3.32 MB (  2%) free+waste,   720.19 KB ( <1%) overhead. 

Virtual space:
  Non-class space:      140.00 MB reserved,     139.42 MB (>99%) committed 
      Class space:        1.00 GB reserved,      20.57 MB (  2%) committed 
             Both:        1.14 GB reserved,     160.00 MB ( 14%) committed 

Chunk freelists:
   Non-Class:  16.00 KB
       Class:  0 bytes
        Both:  16.00 KB

MaxMetaspaceSize: 17179869184.00 GB
CompressedClassSpaceSize: 1.00 GB
Initial GC threshold: 20.80 MB
Current GC threshold: 262.08 MB
CDS: off

CodeHeap 'non-profiled nmethods': size=120064Kb used=17154Kb max_used=17154Kb free=102909Kb
 bounds [0x0000024ed4b90000, 0x0000024ed5c60000, 0x0000024edc0d0000]
CodeHeap 'profiled nmethods': size=120000Kb used=56866Kb max_used=56866Kb free=63133Kb
 bounds [0x0000024ecd660000, 0x0000024ed0df0000, 0x0000024ed4b90000]
CodeHeap 'non-nmethods': size=5696Kb used=2562Kb max_used=2622Kb free=3133Kb
 bounds [0x0000024ecd0d0000, 0x0000024ecd370000, 0x0000024ecd660000]
 total_blobs=25450 nmethods=24349 adapters=1012
 compilation: enabled
              stopped_count=0, restarted_count=0
 full_count=0

Compilation events (20 events):
Event: 7082.129 Thread 0x0000024ee31f3800 26953       3       com.android.tools.r8.internal.Cj::equals (54 bytes)
Event: 7082.129 Thread 0x0000024ee31f3800 nmethod 26953 0x0000024ed0de6a10 code [0x0000024ed0de6c00, 0x0000024ed0de7308]
Event: 7082.129 Thread 0x0000024ee31f3800 26957       3       com.android.tools.r8.internal.Zs::getKey (16 bytes)
Event: 7082.130 Thread 0x0000024ee31f3800 nmethod 26957 0x0000024ed0de7490 code [0x0000024ed0de7680, 0x0000024ed0de7a38]
Event: 7082.130 Thread 0x0000024ee31f3800 26954       3       com.android.tools.r8.internal.Dj::b (27 bytes)
Event: 7082.130 Thread 0x0000024ee31f3800 nmethod 26954 0x0000024ed0de7c10 code [0x0000024ed0de7de0, 0x0000024ed0de8088]
Event: 7082.130 Thread 0x0000024ee31f3800 26958       3       com.android.tools.r8.internal.wY::compareTo (11 bytes)
Event: 7082.130 Thread 0x0000024ee31f3800 nmethod 26958 0x0000024ed0de8110 code [0x0000024ed0de82e0, 0x0000024ed0de85a8]
Event: 7082.131 Thread 0x0000024ee31f3800 26960       3       com.android.tools.r8.internal.H4::a (64 bytes)
Event: 7082.131 Thread 0x0000024ee31ec000 nmethod 26955 0x0000024ed5c4fb90 code [0x0000024ed5c4fd40, 0x0000024ed5c50038]
Event: 7082.131 Thread 0x0000024ee31ec000 26959       4       com.android.tools.r8.internal.Bj::a (59 bytes)
Event: 7082.131 Thread 0x0000024ee31f3800 nmethod 26960 0x0000024ed0de8690 code [0x0000024ed0de8880, 0x0000024ed0de8c48]
Event: 7082.132 Thread 0x0000024ee31f3800 26962       3       com.android.tools.r8.internal.Yq::a (45 bytes)
Event: 7082.132 Thread 0x0000024ee31ec000 nmethod 26959 0x0000024ed5c50390 code [0x0000024ed5c50520, 0x0000024ed5c505f8]
Event: 7082.132 Thread 0x0000024ee31ec000 26961       4       com.android.tools.r8.internal.Xq::Y1 (5 bytes)
Event: 7082.132 Thread 0x0000024ee31f3800 nmethod 26962 0x0000024ed0de8e10 code [0x0000024ed0de9020, 0x0000024ed0de9538]
Event: 7082.132 Thread 0x0000024ee31ec000 nmethod 26961 0x0000024ed5c50710 code [0x0000024ed5c508a0, 0x0000024ed5c50918]
Event: 7082.132 Thread 0x0000024ee31ec000 26956       4       com.android.tools.r8.internal.wY::a (23 bytes)
Event: 7082.133 Thread 0x0000024ee31f3800 26963       3       com.android.tools.r8.internal.yd::a (490 bytes)
Event: 7082.134 Thread 0x0000024ee31f3800 nmethod 26963 0x0000024ed0de9710 code [0x0000024ed0de9b00, 0x0000024ed0deb378]

GC Heap History (20 events):
Event: 7076.561 GC heap after
{Heap after GC invocations=121 (full 0):
 garbage-first heap   total 270336K, used 226750K [0x0000000080000000, 0x0000000100000000)
  region size 1024K, 2 young (2048K), 2 survivors (2048K)
 Metaspace       used 156628K, capacity 160592K, committed 160764K, reserved 1189888K
  class space    used 19205K, capacity 20659K, committed 20812K, reserved 1048576K
}
Event: 7076.641 GC heap before
{Heap before GC invocations=121 (full 0):
 garbage-first heap   total 270336K, used 238014K [0x0000000080000000, 0x0000000100000000)
  region size 1024K, 13 young (13312K), 2 survivors (2048K)
 Metaspace       used 156637K, capacity 160592K, committed 160764K, reserved 1189888K
  class space    used 19205K, capacity 20659K, committed 20812K, reserved 1048576K
}
Event: 7076.655 GC heap after
{Heap after GC invocations=122 (full 0):
 garbage-first heap   total 270336K, used 226464K [0x0000000080000000, 0x0000000100000000)
  region size 1024K, 2 young (2048K), 2 survivors (2048K)
 Metaspace       used 156637K, capacity 160592K, committed 160764K, reserved 1189888K
  class space    used 19205K, capacity 20659K, committed 20812K, reserved 1048576K
}
Event: 7076.719 GC heap before
{Heap before GC invocations=122 (full 0):
 garbage-first heap   total 270336K, used 237728K [0x0000000080000000, 0x0000000100000000)
  region size 1024K, 13 young (13312K), 2 survivors (2048K)
 Metaspace       used 156643K, capacity 160592K, committed 160764K, reserved 1189888K
  class space    used 19205K, capacity 20659K, committed 20812K, reserved 1048576K
}
Event: 7076.727 GC heap after
{Heap after GC invocations=123 (full 0):
 garbage-first heap   total 270336K, used 228909K [0x0000000080000000, 0x0000000100000000)
  region size 1024K, 2 young (2048K), 2 survivors (2048K)
 Metaspace       used 156643K, capacity 160592K, committed 160764K, reserved 1189888K
  class space    used 19205K, capacity 20659K, committed 20812K, reserved 1048576K
}
Event: 7076.772 GC heap before
{Heap before GC invocations=123 (full 0):
 garbage-first heap   total 270336K, used 240173K [0x0000000080000000, 0x0000000100000000)
  region size 1024K, 13 young (13312K), 2 survivors (2048K)
 Metaspace       used 156665K, capacity 160592K, committed 160764K, reserved 1189888K
  class space    used 19205K, capacity 20659K, committed 20812K, reserved 1048576K
}
Event: 7076.780 GC heap after
{Heap after GC invocations=124 (full 0):
 garbage-first heap   total 270336K, used 231997K [0x0000000080000000, 0x0000000100000000)
  region size 1024K, 2 young (2048K), 2 survivors (2048K)
 Metaspace       used 156665K, capacity 160592K, committed 160764K, reserved 1189888K
  class space    used 19205K, capacity 20659K, committed 20812K, reserved 1048576K
}
Event: 7076.821 GC heap before
{Heap before GC invocations=124 (full 0):
 garbage-first heap   total 270336K, used 243261K [0x0000000080000000, 0x0000000100000000)
  region size 1024K, 13 young (13312K), 2 survivors (2048K)
 Metaspace       used 156673K, capacity 160592K, committed 160764K, reserved 1189888K
  class space    used 19205K, capacity 20659K, committed 20812K, reserved 1048576K
}
Event: 7076.828 GC heap after
{Heap after GC invocations=125 (full 0):
 garbage-first heap   total 270336K, used 235921K [0x0000000080000000, 0x0000000100000000)
  region size 1024K, 2 young (2048K), 2 survivors (2048K)
 Metaspace       used 156673K, capacity 160592K, committed 160764K, reserved 1189888K
  class space    used 19205K, capacity 20659K, committed 20812K, reserved 1048576K
}
Event: 7077.146 GC heap before
{Heap before GC invocations=126 (full 0):
 garbage-first heap   total 270336K, used 230801K [0x0000000080000000, 0x0000000100000000)
  region size 1024K, 13 young (13312K), 2 survivors (2048K)
 Metaspace       used 156682K, capacity 160592K, committed 160764K, reserved 1189888K
  class space    used 19205K, capacity 20659K, committed 20812K, reserved 1048576K
}
Event: 7077.155 GC heap after
{Heap after GC invocations=127 (full 0):
 garbage-first heap   total 338944K, used 220912K [0x0000000080000000, 0x0000000100000000)
  region size 1024K, 1 young (1024K), 1 survivors (1024K)
 Metaspace       used 156682K, capacity 160592K, committed 160764K, reserved 1189888K
  class space    used 19205K, capacity 20659K, committed 20812K, reserved 1048576K
}
Event: 7077.325 GC heap before
{Heap before GC invocations=127 (full 0):
 garbage-first heap   total 338944K, used 236272K [0x0000000080000000, 0x0000000100000000)
  region size 1024K, 16 young (16384K), 1 survivors (1024K)
 Metaspace       used 156689K, capacity 160592K, committed 160764K, reserved 1189888K
  class space    used 19205K, capacity 20659K, committed 20812K, reserved 1048576K
}
Event: 7077.335 GC heap after
{Heap after GC invocations=128 (full 0):
 garbage-first heap   total 338944K, used 206691K [0x0000000080000000, 0x0000000100000000)
  region size 1024K, 1 young (1024K), 1 survivors (1024K)
 Metaspace       used 156689K, capacity 160592K, committed 160764K, reserved 1189888K
  class space    used 19205K, capacity 20659K, committed 20812K, reserved 1048576K
}
Event: 7079.162 GC heap before
{Heap before GC invocations=128 (full 0):
 garbage-first heap   total 338944K, used 251747K [0x0000000080000000, 0x0000000100000000)
  region size 1024K, 46 young (47104K), 1 survivors (1024K)
 Metaspace       used 156888K, capacity 160785K, committed 161020K, reserved 1189888K
  class space    used 19207K, capacity 20659K, committed 20812K, reserved 1048576K
}
Event: 7079.169 GC heap after
{Heap after GC invocations=129 (full 0):
 garbage-first heap   total 338944K, used 207179K [0x0000000080000000, 0x0000000100000000)
  region size 1024K, 1 young (1024K), 1 survivors (1024K)
 Metaspace       used 156888K, capacity 160785K, committed 161020K, reserved 1189888K
  class space    used 19207K, capacity 20659K, committed 20812K, reserved 1048576K
}
Event: 7081.120 GC heap before
{Heap before GC invocations=130 (full 0):
 garbage-first heap   total 338944K, used 252235K [0x0000000080000000, 0x0000000100000000)
  region size 1024K, 51 young (52224K), 1 survivors (1024K)
 Metaspace       used 157864K, capacity 161807K, committed 162044K, reserved 1189888K
  class space    used 19287K, capacity 20753K, committed 20812K, reserved 1048576K
}
Event: 7081.134 GC heap after
{Heap after GC invocations=131 (full 0):
 garbage-first heap   total 338944K, used 206551K [0x0000000080000000, 0x0000000100000000)
  region size 1024K, 6 young (6144K), 6 survivors (6144K)
 Metaspace       used 157864K, capacity 161807K, committed 162044K, reserved 1189888K
  class space    used 19287K, capacity 20753K, committed 20812K, reserved 1048576K
}
Event: 7081.318 GC heap before
{Heap before GC invocations=131 (full 0):
 garbage-first heap   total 338944K, used 216791K [0x0000000080000000, 0x0000000100000000)
  region size 1024K, 16 young (16384K), 6 survivors (6144K)
 Metaspace       used 158364K, capacity 162278K, committed 162556K, reserved 1191936K
  class space    used 19311K, capacity 20756K, committed 20812K, reserved 1048576K
}
Event: 7081.340 GC heap after
{Heap after GC invocations=132 (full 0):
 garbage-first heap   total 338944K, used 194382K [0x0000000080000000, 0x0000000100000000)
  region size 1024K, 1 young (1024K), 1 survivors (1024K)
 Metaspace       used 158364K, capacity 162278K, committed 162556K, reserved 1191936K
  class space    used 19311K, capacity 20756K, committed 20812K, reserved 1048576K
}
Event: 7082.146 GC heap before
{Heap before GC invocations=132 (full 0):
 garbage-first heap   total 338944K, used 254798K [0x0000000080000000, 0x0000000100000000)
  region size 1024K, 61 young (62464K), 1 survivors (1024K)
 Metaspace       used 159383K, capacity 163502K, committed 163836K, reserved 1191936K
  class space    used 19435K, capacity 20942K, committed 21068K, reserved 1048576K
}

Deoptimization events (20 events):
Event: 7081.936 Thread 0x0000024ee68cc800 DEOPT PACKING pc=0x0000024ed5c2ff20 sp=0x000000778a3f9260
Event: 7081.937 Thread 0x0000024ee68cc800 DEOPT UNPACKING pc=0x0000024ecd0d85af sp=0x000000778a3f9270 mode 2
Event: 7081.963 Thread 0x0000024ee791e800 DEOPT PACKING pc=0x0000024ecf911db3 sp=0x000000778c7f9ca0
Event: 7081.963 Thread 0x0000024ee791e800 DEOPT UNPACKING pc=0x0000024ecd119d0e sp=0x000000778c7f91c0 mode 0
Event: 7081.969 Thread 0x0000024ee68cc800 Uncommon trap: trap_request=0xffffffde fr.pc=0x0000024ed5c1a110 relative=0x00000000000005b0
Event: 7081.970 Thread 0x0000024ee68cc800 Uncommon trap: reason=class_check action=maybe_recompile pc=0x0000024ed5c1a110 method=com.android.tools.r8.internal.Zq.f()Lcom/android/tools/r8/internal/Xq; @ 3 c2
Event: 7081.970 Thread 0x0000024ee68cc800 DEOPT PACKING pc=0x0000024ed5c1a110 sp=0x000000778a3f9470
Event: 7081.970 Thread 0x0000024ee68cc800 DEOPT UNPACKING pc=0x0000024ecd0d85af sp=0x000000778a3f9430 mode 2
Event: 7081.995 Thread 0x0000024ee61c8000 DEOPT PACKING pc=0x0000024ed0b3ac7e sp=0x000000778c2f8d20
Event: 7081.995 Thread 0x0000024ee61c8000 DEOPT UNPACKING pc=0x0000024ecd119d0e sp=0x000000778c2f8198 mode 0
Event: 7082.038 Thread 0x0000024ee61c8000 Uncommon trap: trap_request=0xffffff4d fr.pc=0x0000024ed5c194f8 relative=0x00000000000000b8
Event: 7082.038 Thread 0x0000024ee61c8000 Uncommon trap: reason=unstable_if action=reinterpret pc=0x0000024ed5c194f8 method=com.android.tools.r8.internal.E20.a(Lcom/android/tools/r8/graph/b1;)Lcom/android/tools/r8/internal/E20; @ 12 c2
Event: 7082.038 Thread 0x0000024ee61c8000 DEOPT PACKING pc=0x0000024ed5c194f8 sp=0x000000778c2f8dd0
Event: 7082.038 Thread 0x0000024ee61c8000 DEOPT UNPACKING pc=0x0000024ecd0d85af sp=0x000000778c2f8cf8 mode 2
Event: 7082.038 Thread 0x0000024ee61c8000 Uncommon trap: trap_request=0xffffff4d fr.pc=0x0000024ed5c0bd34 relative=0x0000000000000094
Event: 7082.038 Thread 0x0000024ee61c8000 Uncommon trap: reason=unstable_if action=reinterpret pc=0x0000024ed5c0bd34 method=com.android.tools.r8.internal.E20.a(Lcom/android/tools/r8/graph/b1;)Lcom/android/tools/r8/internal/E20; @ 12 c2
Event: 7082.038 Thread 0x0000024ee61c8000 DEOPT PACKING pc=0x0000024ed5c0bd34 sp=0x000000778c2f8d60
Event: 7082.038 Thread 0x0000024ee61c8000 DEOPT UNPACKING pc=0x0000024ecd0d85af sp=0x000000778c2f8cf0 mode 2
Event: 7082.050 Thread 0x0000024ee791e800 DEOPT PACKING pc=0x0000024ed0ada688 sp=0x000000778c7f9200
Event: 7082.051 Thread 0x0000024ee791e800 DEOPT UNPACKING pc=0x0000024ecd119d0e sp=0x000000778c7f8a88 mode 0

Classes redefined (0 events):
No events

Internal exceptions (20 events):
Event: 7080.041 Thread 0x0000024eea2aa000 Exception <a 'sun/nio/fs/WindowsException'{0x00000000938b4ed8}> (0x00000000938b4ed8) thrown at [./src/hotspot/share/prims/jni.cpp, line 616]
Event: 7080.042 Thread 0x0000024ee68ce800 Exception <a 'sun/nio/fs/WindowsException'{0x00000000938a2fe0}> (0x00000000938a2fe0) thrown at [./src/hotspot/share/prims/jni.cpp, line 616]
Event: 7080.050 Thread 0x0000024ee61c1800 Exception <a 'sun/nio/fs/WindowsException'{0x00000000937002a8}> (0x00000000937002a8) thrown at [./src/hotspot/share/prims/jni.cpp, line 616]
Event: 7080.131 Thread 0x0000024ee61bb800 Exception <a 'sun/nio/fs/WindowsException'{0x0000000093605438}> (0x0000000093605438) thrown at [./src/hotspot/share/prims/jni.cpp, line 616]
Event: 7080.496 Thread 0x0000024eee845800 Exception <a 'sun/nio/fs/WindowsException'{0x000000009303df90}> (0x000000009303df90) thrown at [./src/hotspot/share/prims/jni.cpp, line 616]
Event: 7080.496 Thread 0x0000024eee845800 Exception <a 'sun/nio/fs/WindowsException'{0x000000009303ee48}> (0x000000009303ee48) thrown at [./src/hotspot/share/prims/jni.cpp, line 616]
Event: 7080.497 Thread 0x0000024eee845800 Exception <a 'sun/nio/fs/WindowsException'{0x000000009303f158}> (0x000000009303f158) thrown at [./src/hotspot/share/prims/jni.cpp, line 616]
Event: 7080.597 Thread 0x0000024ee61c8000 Exception <a 'sun/nio/fs/WindowsException'{0x0000000092976cf8}> (0x0000000092976cf8) thrown at [./src/hotspot/share/prims/jni.cpp, line 616]
Event: 7080.597 Thread 0x0000024ee791c000 Exception <a 'sun/nio/fs/WindowsException'{0x000000009290dc80}> (0x000000009290dc80) thrown at [./src/hotspot/share/prims/jni.cpp, line 616]
Event: 7080.598 Thread 0x0000024ee791c800 Exception <a 'sun/nio/fs/WindowsException'{0x0000000092984a98}> (0x0000000092984a98) thrown at [./src/hotspot/share/prims/jni.cpp, line 616]
Event: 7080.657 Thread 0x0000024ee61bf800 Exception <a 'sun/nio/fs/WindowsException'{0x00000000928e7250}> (0x00000000928e7250) thrown at [./src/hotspot/share/prims/jni.cpp, line 616]
Event: 7081.107 Thread 0x0000024ee61bf800 Exception <a 'sun/nio/fs/WindowsException'{0x0000000091848090}> (0x0000000091848090) thrown at [./src/hotspot/share/prims/jni.cpp, line 616]
Event: 7081.472 Thread 0x0000024ee791c800 Exception <a 'sun/nio/fs/WindowsException'{0x0000000094346408}> (0x0000000094346408) thrown at [./src/hotspot/share/prims/jni.cpp, line 616]
Event: 7081.516 Thread 0x0000024ee791c000 Exception <a 'java/lang/NoSuchMethodError'{0x0000000094183f90}: 'java.lang.Object java.lang.invoke.DirectMethodHandle$Holder.invokeSpecial(java.lang.Object, java.lang.Object, java.lang.Object, java.lang.Object, java.lang.Object, java.lang.Object, java.lang.Object, java.lang.Object, java.lang.Object, java.lang.Object, java.lang.Object)'> (0x0000000094183f90) thrown at [./src/hotspot/share/interpreter/linkResolver.cpp, line 773]
Event: 7081.523 Thread 0x0000024ee791c000 Exception <a 'java/lang/NoSuchMethodError'{0x0000000093fb3dd0}: 'java.lang.Object java.lang.invoke.Invokers$Holder.linkToTargetMethod(java.lang.Object, java.lang.Object, java.lang.Object, java.lang.Object, java.lang.Object, java.lang.Object, java.lang.Object, java.lang.Object, java.lang.Object, java.lang.Object)'> (0x0000000093fb3dd0) thrown at [./src/hotspot/share/interpreter/linkResolver.cpp, line 773]
Event: 7081.546 Thread 0x0000024ee791c000 Exception <a 'java/lang/IncompatibleClassChangeError'{0x0000000093e1d9e8}: Found class java.lang.Object, but interface was expected> (0x0000000093e1d9e8) thrown at [./src/hotspot/share/interpreter/linkResolver.cpp, line 839]
Event: 7081.665 Thread 0x0000024ee791c000 Exception <a 'java/lang/NoSuchMethodError'{0x00000000937d8818}: 'java.lang.Object java.lang.invoke.DirectMethodHandle$Holder.invokeInterface(java.lang.Object, java.lang.Object, int)'> (0x00000000937d8818) thrown at [./src/hotspot/share/interpreter/linkResolver.cpp, line 773]
Event: 7081.794 Thread 0x0000024ee791e800 Exception <a 'sun/nio/fs/WindowsException'{0x0000000092d94ae8}> (0x0000000092d94ae8) thrown at [./src/hotspot/share/prims/jni.cpp, line 616]
Event: 7081.838 Thread 0x0000024ee68cc800 Exception <a 'sun/nio/fs/WindowsException'{0x000000009277ed68}> (0x000000009277ed68) thrown at [./src/hotspot/share/prims/jni.cpp, line 616]
Event: 7082.044 Thread 0x0000024ee791c000 Exception <a 'sun/nio/fs/WindowsException'{0x00000000911b51b0}> (0x00000000911b51b0) thrown at [./src/hotspot/share/prims/jni.cpp, line 616]

Events (20 events):
Event: 7081.870 loading class com/android/tools/r8/graph/e2 done
Event: 7081.870 loading class com/android/tools/r8/graph/g2
Event: 7081.870 loading class com/android/tools/r8/graph/g2 done
Event: 7081.870 loading class com/android/tools/r8/graph/m2
Event: 7081.870 loading class com/android/tools/r8/graph/m2 done
Event: 7081.870 Executing VM operation: Deoptimize
Event: 7081.876 Executing VM operation: Deoptimize done
Event: 7081.877 loading class com/android/tools/r8/graph/b1
Event: 7081.877 loading class com/android/tools/r8/graph/b1 done
Event: 7081.877 loading class com/android/tools/r8/graph/b1
Event: 7081.877 loading class com/android/tools/r8/graph/b1 done
Event: 7081.877 loading class com/android/tools/r8/graph/X2
Event: 7081.877 loading class com/android/tools/r8/graph/X2 done
Event: 7081.878 loading class com/android/tools/r8/graph/X2
Event: 7081.878 loading class com/android/tools/r8/graph/X2 done
Event: 7082.009 loading class com/android/tools/r8/internal/Q30
Event: 7082.009 loading class com/android/tools/r8/internal/Q30 done
Event: 7082.022 Executing VM operation: ICBufferFull
Event: 7082.031 Executing VM operation: ICBufferFull done
Event: 7082.137 Executing VM operation: G1CollectForAllocation


Dynamic libraries:
0x00007ff60ef60000 - 0x00007ff60ef6a000 	C:\Program Files\Android\Android Studio\jre\bin\java.exe
0x00007ffae3cf0000 - 0x00007ffae3f04000 	C:\Windows\SYSTEM32\ntdll.dll
0x00007ffae1d60000 - 0x00007ffae1e23000 	C:\Windows\System32\KERNEL32.DLL
0x00007ffae1340000 - 0x00007ffae16dc000 	C:\Windows\System32\KERNELBASE.dll
0x00007ffae1220000 - 0x00007ffae1331000 	C:\Windows\System32\ucrtbase.dll
0x00007ffaa8ce0000 - 0x00007ffaa8cf9000 	C:\Program Files\Android\Android Studio\jre\bin\jli.dll
0x00007ffaaa6d0000 - 0x00007ffaaa6e7000 	C:\Program Files\Android\Android Studio\jre\bin\VCRUNTIME140.dll
0x00007ffae3110000 - 0x00007ffae32bd000 	C:\Windows\System32\USER32.dll
0x00007ffae11f0000 - 0x00007ffae1216000 	C:\Windows\System32\win32u.dll
0x00007ffae3380000 - 0x00007ffae33a9000 	C:\Windows\System32\GDI32.dll
0x00007ffae16e0000 - 0x00007ffae17f3000 	C:\Windows\System32\gdi32full.dll
0x00007ffac6220000 - 0x00007ffac64ae000 	C:\Windows\WinSxS\amd64_microsoft.windows.common-controls_6595b64144ccf1df_6.0.22621.608_none_a9444ca7c10bb01d\COMCTL32.dll
0x00007ffae18f0000 - 0x00007ffae198a000 	C:\Windows\System32\msvcp_win.dll
0x00007ffae1e30000 - 0x00007ffae1ed7000 	C:\Windows\System32\msvcrt.dll
0x00007ffae21d0000 - 0x00007ffae2201000 	C:\Windows\System32\IMM32.DLL
0x00007ffa95630000 - 0x00007ffa956cd000 	C:\Program Files\Android\Android Studio\jre\bin\msvcp140.dll
0x00007ffa71880000 - 0x00007ffa72382000 	C:\Program Files\Android\Android Studio\jre\bin\server\jvm.dll
0x00007ffae1b00000 - 0x00007ffae1bae000 	C:\Windows\System32\ADVAPI32.dll
0x00007ffae2840000 - 0x00007ffae28e4000 	C:\Windows\System32\sechost.dll
0x00007ffae1c40000 - 0x00007ffae1d55000 	C:\Windows\System32\RPCRT4.dll
0x00007ffae1c30000 - 0x00007ffae1c38000 	C:\Windows\System32\PSAPI.DLL
0x00007ffad1880000 - 0x00007ffad18b4000 	C:\Windows\SYSTEM32\WINMM.dll
0x00007ffad5000000 - 0x00007ffad500a000 	C:\Windows\SYSTEM32\VERSION.dll
0x00007ffade860000 - 0x00007ffade869000 	C:\Windows\SYSTEM32\WSOCK32.dll
0x00007ffae33b0000 - 0x00007ffae3421000 	C:\Windows\System32\ws2_32.DLL
0x00007ffae01f0000 - 0x00007ffae0208000 	C:\Windows\SYSTEM32\kernel.appcore.dll
0x00007ffada140000 - 0x00007ffada151000 	C:\Program Files\Android\Android Studio\jre\bin\verify.dll
0x00007ffadeb10000 - 0x00007ffaded3e000 	C:\Windows\SYSTEM32\DBGHELP.DLL
0x00007ffae2bd0000 - 0x00007ffae2f59000 	C:\Windows\System32\combase.dll
0x00007ffae20f0000 - 0x00007ffae21c7000 	C:\Windows\System32\OLEAUT32.dll
0x00007ffac1310000 - 0x00007ffac1342000 	C:\Windows\SYSTEM32\dbgcore.DLL
0x00007ffae1870000 - 0x00007ffae18eb000 	C:\Windows\System32\bcryptPrimitives.dll
0x00007ffad1d80000 - 0x00007ffad1da9000 	C:\Program Files\Android\Android Studio\jre\bin\java.dll
0x00007ffadbe00000 - 0x00007ffadbe0b000 	C:\Program Files\Android\Android Studio\jre\bin\jimage.dll
0x00007ffada070000 - 0x00007ffada088000 	C:\Program Files\Android\Android Studio\jre\bin\zip.dll
0x00007ffae34c0000 - 0x00007ffae3cb0000 	C:\Windows\System32\SHELL32.dll
0x00007ffadf0f0000 - 0x00007ffadf9be000 	C:\Windows\SYSTEM32\windows.storage.dll
0x00007ffadefb0000 - 0x00007ffadf0ee000 	C:\Windows\SYSTEM32\wintypes.dll
0x00007ffae1ff0000 - 0x00007ffae20e1000 	C:\Windows\System32\SHCORE.dll
0x00007ffae1f90000 - 0x00007ffae1fee000 	C:\Windows\System32\shlwapi.dll
0x00007ffae1060000 - 0x00007ffae1081000 	C:\Windows\SYSTEM32\profapi.dll
0x00007ffad1e50000 - 0x00007ffad1e6a000 	C:\Program Files\Android\Android Studio\jre\bin\net.dll
0x00007ffad75d0000 - 0x00007ffad76ff000 	C:\Windows\SYSTEM32\WINHTTP.dll
0x00007ffae06e0000 - 0x00007ffae0749000 	C:\Windows\system32\mswsock.dll
0x00007ffacd730000 - 0x00007ffacd744000 	C:\Program Files\Android\Android Studio\jre\bin\nio.dll
0x00007ffadb0d0000 - 0x00007ffadb0f7000 	C:\Users\limar\.gradle\native\e1d6ef7f7dcc3fd88c89a11ec53ec762bb8ba0a96d01ffa2cd45eb1d1d8dd5c5\windows-amd64\native-platform.dll
0x00007ffa8d810000 - 0x00007ffa8d954000 	C:\Users\limar\.gradle\native\0d407fdbe67a94daf76414ababcb853783967236a71b16ec16e742cd7a986fd3\windows-amd64\native-platform-file-events.dll
0x00007ffadbcb0000 - 0x00007ffadbcba000 	C:\Program Files\Android\Android Studio\jre\bin\management.dll
0x00007ffadbba0000 - 0x00007ffadbbad000 	C:\Program Files\Android\Android Studio\jre\bin\management_ext.dll
0x00007ffae0940000 - 0x00007ffae095b000 	C:\Windows\SYSTEM32\CRYPTSP.dll
0x00007ffae0150000 - 0x00007ffae0185000 	C:\Windows\system32\rsaenh.dll
0x00007ffae07e0000 - 0x00007ffae0808000 	C:\Windows\SYSTEM32\USERENV.dll
0x00007ffae0b00000 - 0x00007ffae0b28000 	C:\Windows\SYSTEM32\bcrypt.dll
0x00007ffae0960000 - 0x00007ffae096c000 	C:\Windows\SYSTEM32\CRYPTBASE.dll
0x00007ffadfc10000 - 0x00007ffadfc3d000 	C:\Windows\SYSTEM32\IPHLPAPI.DLL
0x00007ffae2830000 - 0x00007ffae2839000 	C:\Windows\System32\NSI.dll
0x00007ffad1d60000 - 0x00007ffad1d79000 	C:\Windows\SYSTEM32\dhcpcsvc6.DLL
0x00007ffad1d40000 - 0x00007ffad1d5f000 	C:\Windows\SYSTEM32\dhcpcsvc.DLL
0x00007ffadfc80000 - 0x00007ffadfd73000 	C:\Windows\SYSTEM32\DNSAPI.dll
0x00007ffae0210000 - 0x00007ffae0244000 	C:\Windows\SYSTEM32\ntmarta.dll
0x00007ffaba160000 - 0x00007ffaba17e000 	C:\Users\limar\AppData\Local\Temp\native-platform16617499431755491575dir\native-platform.dll
0x00007ffadb0c0000 - 0x00007ffadb0c8000 	C:\Program Files\Android\Android Studio\jre\bin\rmi.dll
0x00007ffacc4e0000 - 0x00007ffacc507000 	C:\Program Files\Android\Android Studio\jre\bin\sunec.dll
0x00007ffad5100000 - 0x00007ffad510a000 	C:\Windows\System32\rasadhlp.dll
0x00007ffad4b10000 - 0x00007ffad4b93000 	C:\Windows\System32\fwpuclnt.dll

dbghelp: loaded successfully - version: 4.0.5 - missing functions: none
symbol engine: initialized successfully - sym options: 0x614 - pdb path: .;C:\Program Files\Android\Android Studio\jre\bin;C:\Windows\SYSTEM32;C:\Windows\WinSxS\amd64_microsoft.windows.common-controls_6595b64144ccf1df_6.0.22621.608_none_a9444ca7c10bb01d;C:\Program Files\Android\Android Studio\jre\bin\server;C:\Users\limar\.gradle\native\e1d6ef7f7dcc3fd88c89a11ec53ec762bb8ba0a96d01ffa2cd45eb1d1d8dd5c5\windows-amd64;C:\Users\limar\.gradle\native\0d407fdbe67a94daf76414ababcb853783967236a71b16ec16e742cd7a986fd3\windows-amd64;C:\Users\limar\AppData\Local\Temp\native-platform16617499431755491575dir

VM Arguments:
jvm_args: --add-opens=java.base/java.util=ALL-UNNAMED --add-opens=java.base/java.lang=ALL-UNNAMED --add-opens=java.base/java.lang.invoke=ALL-UNNAMED --add-opens=java.base/java.util=ALL-UNNAMED --add-opens=java.prefs/java.util.prefs=ALL-UNNAMED --add-opens=java.prefs/java.util.prefs=ALL-UNNAMED --add-opens=java.base/java.nio.charset=ALL-UNNAMED --add-opens=java.base/java.net=ALL-UNNAMED --add-opens=java.base/java.util.concurrent.atomic=ALL-UNNAMED -Xmx2048m -Dfile.encoding=UTF-8 -Duser.country=BR -Duser.language=pt -Duser.variant 
java_command: org.gradle.launcher.daemon.bootstrap.GradleDaemon 7.4
java_class_path (initial): C:\Users\limar\.gradle\wrapper\dists\gradle-7.4-bin\c0gwcg53nkjbqw7r0h0umtfvt\gradle-7.4\lib\gradle-launcher-7.4.jar
Launcher Type: SUN_STANDARD

[Global flags]
     intx CICompilerCount                          = 3                                         {product} {ergonomic}
     uint ConcGCThreads                            = 1                                         {product} {ergonomic}
     uint G1ConcRefinementThreads                  = 4                                         {product} {ergonomic}
   size_t G1HeapRegionSize                         = 1048576                                   {product} {ergonomic}
    uintx GCDrainStackTargetSize                   = 64                                        {product} {ergonomic}
   size_t InitialHeapSize                          = 62914560                                  {product} {ergonomic}
   size_t MarkStackSize                            = 4194304                                   {product} {ergonomic}
   size_t MaxHeapSize                              = 2147483648                                {product} {command line}
   size_t MaxNewSize                               = 1287651328                                {product} {ergonomic}
   size_t MinHeapDeltaBytes                        = 1048576                                   {product} {ergonomic}
    uintx NonNMethodCodeHeapSize                   = 5830732                                {pd product} {ergonomic}
    uintx NonProfiledCodeHeapSize                  = 122913754                              {pd product} {ergonomic}
    uintx ProfiledCodeHeapSize                     = 122913754                              {pd product} {ergonomic}
    uintx ReservedCodeCacheSize                    = 251658240                              {pd product} {ergonomic}
     bool SegmentedCodeCache                       = true                                      {product} {ergonomic}
     bool UseCompressedClassPointers               = true                                 {lp64_product} {ergonomic}
     bool UseCompressedOops                        = true                                 {lp64_product} {ergonomic}
     bool UseG1GC                                  = true                                      {product} {ergonomic}
     bool UseLargePagesIndividualAllocation        = false                                  {pd product} {ergonomic}

Logging:
Log output configuration:
 #0: stdout all=warning uptime,level,tags
 #1: stderr all=off uptime,level,tags

Environment Variables:
JAVA_HOME=C:\Program Files\Java\jdk-11.0.17
PATH=C:\Program Files\Common Files\Oracle\Java\javapath;C:\Windows\system32;C:\Windows;C:\Windows\System32\Wbem;C:\Windows\System32\WindowsPowerShell\v1.0\;C:\Windows\System32\OpenSSH\;C:\Program Files\Git\cmd;C:\Program Files\nodejs\;C:\Program Files\Android\platform-tools;C:\Users\limar\AppData\Local\Microsoft\WindowsApps;C:\Users\limar\AppData\Local\Programs\Microsoft VS Code\bin;C:\Users\limar\AppData\Roaming\npm;C:\Program Files\Android\platform-tools;
USERNAME=limar
OS=Windows_NT
PROCESSOR_IDENTIFIER=Intel64 Family 6 Model 140 Stepping 1, GenuineIntel



---------------  S Y S T E M  ---------------

OS: Windows 11 , 64 bit Build 22621 (10.0.22621.1344)
OS uptime: 7 days 1:55 hours
Hyper-V role detected

CPU:total 4 (initial active 4) (2 cores per cpu, 2 threads per core) family 6 model 140 stepping 1 microcode 0x8a, cmov, cx8, fxsr, mmx, sse, sse2, sse3, ssse3, sse4.1, sse4.2, popcnt, avx, avx2, aes, clmul, erms, 3dnowpref, lzcnt, ht, tsc, tscinvbit, bmi1, bmi2, adx, evex, sha, fma

Memory: 4k page, system-wide physical 3819M (220M free)
TotalPageFile size 15595M (AvailPageFile size 78M)
current process WorkingSet (physical memory assigned to process): 314M, peak: 500M
current process commit charge ("private bytes"): 768M, peak: 859M

vm_info: OpenJDK 64-Bit Server VM (11.0.13+0-b1751.21-8125866) for windows-amd64 JRE (11.0.13+0-b1751.21-8125866), built on Feb  2 2022 03:00:22 by "builder" with MS VC++ 14.0 (VS2015)

END.
